{"logTime": "0628/225007", "correlationVector":"v8fK7tFrOdcZwdUtVzgfut.143","action":"GetUpdates", "result":"DeleteReceived", "context":{"id":"51a24eed-1c61-47e8-8e84-65e70e10e8e9", "isDeleted:":"true", "version":"1687307538913"}}
{"logTime": "0628/225007", "correlationVector":"v8fK7tFrOdcZwdUtVzgfut.144","action":"GetUpdates", "result":"DeleteReceived", "context":{"id":"b87904c3-d764-4d6c-aff0-5eea44891d2e", "isDeleted:":"true", "version":"1687310988799"}}
{"logTime": "0628/225008", "correlationVector":"v8fK7tFrOdcZwdUtVzgfut.145","action":"GetUpdates", "result":"DeleteReceived", "context":{"id":"ed653470-d573-4468-88e5-94ba89c7540b", "isDeleted:":"true", "version":"1687310988801"}}
{"logTime": "0628/225008", "correlationVector":"v8fK7tFrOdcZwdUtVzgfut.146","action":"GetUpdates", "result":"DeleteReceived", "context":{"id":"1a4f9f5b-0077-4aac-9868-eb72064db226", "isDeleted:":"true", "version":"1687310988803"}}
{"logTime": "0628/225008", "correlationVector":"v8fK7tFrOdcZwdUtVzgfut.147","action":"GetUpdates", "result":"DeleteReceived", "context":{"id":"0a869a0a-62ab-406b-b7ff-4414d7910999", "isDeleted:":"true", "version":"1687310988804"}}
{"logTime": "0628/225008", "correlationVector":"v8fK7tFrOdcZwdUtVzgfut.148","action":"GetUpdates", "result":"DeleteReceived", "context":{"id":"fa1d1687-cc1f-4f5e-8fc4-a3c1793e5c65", "isDeleted:":"true", "version":"1687311338645"}}
{"logTime": "0628/225008", "correlationVector":"v8fK7tFrOdcZwdUtVzgfut.149","action":"GetUpdates", "result":"DeleteReceived", "context":{"id":"c15d5623-fdef-4edf-9eb6-ff4c90932f88", "isDeleted:":"true", "version":"1687315461767"}}
{"logTime": "0628/225008", "correlationVector":"v8fK7tFrOdcZwdUtVzgfut.150","action":"GetUpdates", "result":"DeleteReceived", "context":{"id":"85be9989-5894-4c6d-a302-625c3ddbd7a0", "isDeleted:":"true", "version":"1687315461768"}}
{"logTime": "0628/225008", "correlationVector":"v8fK7tFrOdcZwdUtVzgfut.151","action":"GetUpdates", "result":"DeleteReceived", "context":{"id":"bdb0d324-f8b0-4e86-b06d-c1e45c766637", "isDeleted:":"true", "version":"1687317444920"}}
{"logTime": "0628/225008", "correlationVector":"v8fK7tFrOdcZwdUtVzgfut.152","action":"GetUpdates", "result":"DeleteReceived", "context":{"id":"22356661-3db4-4cf7-8601-f7c6af1e7738", "isDeleted:":"true", "version":"1687317663459"}}
{"logTime": "0628/225008", "correlationVector":"v8fK7tFrOdcZwdUtVzgfut.153","action":"GetUpdates", "result":"DeleteReceived", "context":{"id":"946cdfe1-05f6-4156-9e47-3b41661e3dba", "isDeleted:":"true", "version":"1687317901896"}}
{"logTime": "0628/225008", "correlationVector":"v8fK7tFrOdcZwdUtVzgfut.154","action":"GetUpdates", "result":"DeleteReceived", "context":{"id":"dcedc531-e251-4dce-8924-6158cd3325be", "isDeleted:":"true", "version":"1687317971155"}}
{"logTime": "0628/225008", "correlationVector":"v8fK7tFrOdcZwdUtVzgfut.155","action":"GetUpdates", "result":"DeleteReceived", "context":{"id":"3eb051a7-7c66-4c8a-90e4-d57447926d36", "isDeleted:":"true", "version":"1687317971156"}}
{"logTime": "0628/225008", "correlationVector":"v8fK7tFrOdcZwdUtVzgfut.156","action":"GetUpdates", "result":"DeleteReceived", "context":{"id":"a4be07d6-d129-4262-99f2-a0601d3f037a", "isDeleted:":"true", "version":"1687324821930"}}
{"logTime": "0628/225008", "correlationVector":"v8fK7tFrOdcZwdUtVzgfut.157","action":"GetUpdates", "result":"DeleteReceived", "context":{"id":"cca8927b-be34-46e8-a773-0bed58775548", "isDeleted:":"true", "version":"1687326039048"}}
{"logTime": "0628/225008", "correlationVector":"v8fK7tFrOdcZwdUtVzgfut.158","action":"GetUpdates", "result":"DeleteReceived", "context":{"id":"b02b1835-5353-46a9-b207-be638721cda2", "isDeleted:":"true", "version":"1687326627178"}}
{"logTime": "0628/225008", "correlationVector":"v8fK7tFrOdcZwdUtVzgfut.159","action":"GetUpdates", "result":"DeleteReceived", "context":{"id":"976b4d4b-854e-499e-9350-71745320ba26", "isDeleted:":"true", "version":"1687361102783"}}
{"logTime": "0628/225008", "correlationVector":"v8fK7tFrOdcZwdUtVzgfut.160","action":"GetUpdates", "result":"DeleteReceived", "context":{"id":"46edd434-3c4b-4a25-b362-8e15360cc03b", "isDeleted:":"true", "version":"1687361102786"}}
{"logTime": "0628/225008", "correlationVector":"v8fK7tFrOdcZwdUtVzgfut.161","action":"GetUpdates", "result":"DeleteReceived", "context":{"id":"07639d89-0186-4e23-965f-de00fe32c2c5", "isDeleted:":"true", "version":"1687364546485"}}
{"logTime": "0628/225008", "correlationVector":"v8fK7tFrOdcZwdUtVzgfut.162","action":"GetUpdates", "result":"DeleteReceived", "context":{"id":"f2e11b5d-eb31-4466-a958-fdf40b7bd816", "isDeleted:":"true", "version":"1687364966121"}}
{"logTime": "0628/225008", "correlationVector":"v8fK7tFrOdcZwdUtVzgfut.163","action":"GetUpdates", "result":"DeleteReceived", "context":{"id":"3728fc21-aec7-4226-be15-ab310afde314", "isDeleted:":"true", "version":"1687365797761"}}
{"logTime": "0628/225008", "correlationVector":"v8fK7tFrOdcZwdUtVzgfut.164","action":"GetUpdates", "result":"DeleteReceived", "context":{"id":"ecab012e-64e2-4174-9759-86def78b8b3f", "isDeleted:":"true", "version":"1687366046245"}}
{"logTime": "0628/225008", "correlationVector":"v8fK7tFrOdcZwdUtVzgfut.165","action":"GetUpdates", "result":"DeleteReceived", "context":{"id":"19e14f9f-f0ca-4825-99cf-30953223ccf1", "isDeleted:":"true", "version":"1687366133997"}}
{"logTime": "0628/225008", "correlationVector":"v8fK7tFrOdcZwdUtVzgfut.166","action":"GetUpdates", "result":"DeleteReceived", "context":{"id":"d9effcc3-f4d2-4522-b71d-f7e9b8454898", "isDeleted:":"true", "version":"1687366798112"}}
{"logTime": "0628/225008", "correlationVector":"v8fK7tFrOdcZwdUtVzgfut.167","action":"GetUpdates", "result":"DeleteReceived", "context":{"id":"2cda2161-d0a6-4637-827b-9e48c7f4893d", "isDeleted:":"true", "version":"1687367157640"}}
{"logTime": "0628/225008", "correlationVector":"v8fK7tFrOdcZwdUtVzgfut.168","action":"GetUpdates", "result":"DeleteReceived", "context":{"id":"3007110b-1392-4728-90ae-f2774b553977", "isDeleted:":"true", "version":"1687367679119"}}
{"logTime": "0628/225008", "correlationVector":"v8fK7tFrOdcZwdUtVzgfut.169","action":"GetUpdates", "result":"DeleteReceived", "context":{"id":"253db81d-2c66-4b12-b98b-d841fdd88cb1", "isDeleted:":"true", "version":"1687369202170"}}
{"logTime": "0628/225008", "correlationVector":"v8fK7tFrOdcZwdUtVzgfut.170","action":"GetUpdates", "result":"DeleteReceived", "context":{"id":"84f5b128-dcbb-48ac-a1ca-7c68cf67593a", "isDeleted:":"true", "version":"1687369400742"}}
{"logTime": "0628/225008", "correlationVector":"v8fK7tFrOdcZwdUtVzgfut.171","action":"GetUpdates", "result":"DeleteReceived", "context":{"id":"cc6de250-3d86-4d08-b062-18cdff22d788", "isDeleted:":"true", "version":"1687371771142"}}
{"logTime": "0628/225008", "correlationVector":"v8fK7tFrOdcZwdUtVzgfut.172","action":"GetUpdates", "result":"DeleteReceived", "context":{"id":"901f7262-c625-4d24-ab56-f433de701996", "isDeleted:":"true", "version":"1687372742755"}}
{"logTime": "0628/225008", "correlationVector":"v8fK7tFrOdcZwdUtVzgfut.173","action":"GetUpdates", "result":"DeleteReceived", "context":{"id":"e588fd00-d44d-4745-81a1-7892e0cbb3ae", "isDeleted:":"true", "version":"1687372742756"}}
{"logTime": "0628/225008", "correlationVector":"v8fK7tFrOdcZwdUtVzgfut.174","action":"GetUpdates", "result":"DeleteReceived", "context":{"id":"5739f1d3-f840-4c57-b568-38b748122eed", "isDeleted:":"true", "version":"1687373744606"}}
{"logTime": "0628/225008", "correlationVector":"v8fK7tFrOdcZwdUtVzgfut.175","action":"GetUpdates", "result":"DeleteReceived", "context":{"id":"2a3bdaa0-9b14-47a1-abe8-155bfb80e6d3", "isDeleted:":"true", "version":"1687374326073"}}
{"logTime": "0628/225008", "correlationVector":"v8fK7tFrOdcZwdUtVzgfut.176","action":"GetUpdates", "result":"DeleteReceived", "context":{"id":"21cfb457-b59b-4c7d-8a97-420623a65caa", "isDeleted:":"true", "version":"1687374533106"}}
{"logTime": "0628/225008", "correlationVector":"v8fK7tFrOdcZwdUtVzgfut.177","action":"GetUpdates", "result":"DeleteReceived", "context":{"id":"c3e9f33b-94cb-4cbc-a1b5-187969c5a67d", "isDeleted:":"true", "version":"1687374628320"}}
{"logTime": "0628/225008", "correlationVector":"v8fK7tFrOdcZwdUtVzgfut.178","action":"GetUpdates", "result":"DeleteReceived", "context":{"id":"4866be43-7059-43b7-ad67-3dc3801fe819", "isDeleted:":"true", "version":"1687375750952"}}
{"logTime": "0628/225009", "correlationVector":"v8fK7tFrOdcZwdUtVzgfut.179","action":"GetUpdates", "result":"DeleteReceived", "context":{"id":"7aaa13a5-859d-4981-924e-34ecc8854b4f", "isDeleted:":"true", "version":"1687376675794"}}
{"logTime": "0628/225009", "correlationVector":"v8fK7tFrOdcZwdUtVzgfut.180","action":"GetUpdates", "result":"DeleteReceived", "context":{"id":"07d31b2f-7169-4fc9-9fa5-2f03af609c6b", "isDeleted:":"true", "version":"1687377704054"}}
{"logTime": "0628/225009", "correlationVector":"v8fK7tFrOdcZwdUtVzgfut.181","action":"GetUpdates", "result":"DeleteReceived", "context":{"id":"26ba91ed-a331-45ba-bdd3-6b873f932fe2", "isDeleted:":"true", "version":"1687378941852"}}
{"logTime": "0628/225009", "correlationVector":"v8fK7tFrOdcZwdUtVzgfut.182","action":"GetUpdates", "result":"DeleteReceived", "context":{"id":"e1efc1de-f7fb-4b94-8336-f2ccbb06380c", "isDeleted:":"true", "version":"1687379768261"}}
{"logTime": "0628/225009", "correlationVector":"v8fK7tFrOdcZwdUtVzgfut.183","action":"GetUpdates", "result":"DeleteReceived", "context":{"id":"915c7629-4a9c-4bd7-8104-6d545440462c", "isDeleted:":"true", "version":"1687380758964"}}
{"logTime": "0628/225009", "correlationVector":"v8fK7tFrOdcZwdUtVzgfut.184","action":"GetUpdates", "result":"DeleteReceived", "context":{"id":"95e1d62f-672c-4ba6-98e4-09f533e29161", "isDeleted:":"true", "version":"1687381065736"}}
{"logTime": "0628/225009", "correlationVector":"v8fK7tFrOdcZwdUtVzgfut.185","action":"GetUpdates", "result":"DeleteReceived", "context":{"id":"1a85bcd0-cf81-4ab0-a1ba-35dc66f41c3e", "isDeleted:":"true", "version":"1687381553732"}}
{"logTime": "0628/225009", "correlationVector":"v8fK7tFrOdcZwdUtVzgfut.186","action":"GetUpdates", "result":"DeleteReceived", "context":{"id":"272776a2-6656-4445-8607-6329e5144958", "isDeleted:":"true", "version":"1687381553733"}}
{"logTime": "0628/225009", "correlationVector":"v8fK7tFrOdcZwdUtVzgfut.187","action":"GetUpdates", "result":"DeleteReceived", "context":{"id":"6271cd05-7171-492c-b6f8-d46e5107cafa", "isDeleted:":"true", "version":"1687381553735"}}
{"logTime": "0628/225009", "correlationVector":"v8fK7tFrOdcZwdUtVzgfut.188","action":"GetUpdates", "result":"DeleteReceived", "context":{"id":"7207e92f-2bea-47c5-8687-ec62010199cb", "isDeleted:":"true", "version":"1687381553736"}}
{"logTime": "0628/225010", "correlationVector":"v8fK7tFrOdcZwdUtVzgfut.189","action":"GetUpdates", "result":"DeleteReceived", "context":{"id":"9bc01ed2-448b-472c-8ac9-41f9e8644975", "isDeleted:":"true", "version":"1687382179281"}}
{"logTime": "0628/225010", "correlationVector":"v8fK7tFrOdcZwdUtVzgfut.190","action":"GetUpdates", "result":"DeleteReceived", "context":{"id":"dd1a63b9-617d-42cc-9df3-ce4f22e3a387", "isDeleted:":"true", "version":"1687382637574"}}
{"logTime": "0628/225010", "correlationVector":"v8fK7tFrOdcZwdUtVzgfut.191","action":"GetUpdates", "result":"DeleteReceived", "context":{"id":"68c55b54-3624-4715-a5bb-932808dbe582", "isDeleted:":"true", "version":"1687382807220"}}
{"logTime": "0628/225010", "correlationVector":"v8fK7tFrOdcZwdUtVzgfut.192","action":"GetUpdates", "result":"DeleteReceived", "context":{"id":"c631aef0-0444-46ce-ba18-3347e01da4ed", "isDeleted:":"true", "version":"1687384421186"}}
{"logTime": "0628/225010", "correlationVector":"v8fK7tFrOdcZwdUtVzgfut.193","action":"GetUpdates", "result":"DeleteReceived", "context":{"id":"8f0d9a24-e86e-4c18-8a7a-8e316535998a", "isDeleted:":"true", "version":"1687386147330"}}
{"logTime": "0628/225010", "correlationVector":"v8fK7tFrOdcZwdUtVzgfut.194","action":"GetUpdates", "result":"DeleteReceived", "context":{"id":"7ca456a2-3bee-4a2e-8d56-025baa2613fd", "isDeleted:":"true", "version":"1687386302506"}}
{"logTime": "0628/225011", "correlationVector":"v8fK7tFrOdcZwdUtVzgfut.195","action":"GetUpdates", "result":"DeleteReceived", "context":{"id":"f4d6b7ad-b2ca-4891-a951-bb34ad17ac94", "isDeleted:":"true", "version":"1687386919571"}}
{"logTime": "0628/225011", "correlationVector":"v8fK7tFrOdcZwdUtVzgfut.196","action":"GetUpdates", "result":"DeleteReceived", "context":{"id":"da3d447a-fcd5-40c0-9a67-1a395bab4caa", "isDeleted:":"true", "version":"1687387023048"}}
{"logTime": "0628/225011", "correlationVector":"v8fK7tFrOdcZwdUtVzgfut.197","action":"GetUpdates", "result":"DeleteReceived", "context":{"id":"25f9fbf6-a8f7-4e4a-9c2d-dcdaafb087cf", "isDeleted:":"true", "version":"1687387023049"}}
{"logTime": "0628/225011", "correlationVector":"v8fK7tFrOdcZwdUtVzgfut.198","action":"GetUpdates", "result":"DeleteReceived", "context":{"id":"acb1c21e-54dd-4d99-b88c-95c3ce4b917c", "isDeleted:":"true", "version":"1687387053914"}}
{"logTime": "0628/225011", "correlationVector":"v8fK7tFrOdcZwdUtVzgfut.199","action":"GetUpdates", "result":"DeleteReceived", "context":{"id":"bd86520c-f08a-4f19-bd94-06acd2a7ce1e", "isDeleted:":"true", "version":"1687389086049"}}
{"logTime": "0628/225012", "correlationVector":"v8fK7tFrOdcZwdUtVzgfut.200","action":"GetUpdates", "result":"DeleteReceived", "context":{"id":"1bab5416-7667-4169-9df4-d7b119a00f32", "isDeleted:":"true", "version":"1687389196710"}}
{"logTime": "0628/225012", "correlationVector":"v8fK7tFrOdcZwdUtVzgfut.201","action":"GetUpdates", "result":"DeleteReceived", "context":{"id":"0f988b7b-083a-41fa-973c-4949a95484cd", "isDeleted:":"true", "version":"1687389393088"}}
{"logTime": "0628/225012", "correlationVector":"v8fK7tFrOdcZwdUtVzgfut.202","action":"GetUpdates", "result":"DeleteReceived", "context":{"id":"4477250a-db3f-4723-a924-2ba4e87caa59", "isDeleted:":"true", "version":"1687389488402"}}
{"logTime": "0628/225012", "correlationVector":"v8fK7tFrOdcZwdUtVzgfut.203","action":"GetUpdates", "result":"DeleteReceived", "context":{"id":"41c55877-ee95-49ef-a80e-713e0c846686", "isDeleted:":"true", "version":"1687389898736"}}
{"logTime": "0628/225012", "correlationVector":"v8fK7tFrOdcZwdUtVzgfut.204","action":"GetUpdates", "result":"DeleteReceived", "context":{"id":"8d550ec2-9372-4373-9537-b01a49cbc992", "isDeleted:":"true", "version":"1687389898737"}}
{"logTime": "0628/225012", "correlationVector":"v8fK7tFrOdcZwdUtVzgfut.205","action":"GetUpdates", "result":"DeleteReceived", "context":{"id":"edb50e1e-89c1-4699-bddc-2c4fbf96b415", "isDeleted:":"true", "version":"1687389898738"}}
{"logTime": "0628/225012", "correlationVector":"v8fK7tFrOdcZwdUtVzgfut.206","action":"GetUpdates", "result":"DeleteReceived", "context":{"id":"67786ce1-3fa1-411e-9ed4-eeaba3815f11", "isDeleted:":"true", "version":"1687389898740"}}
{"logTime": "0628/225012", "correlationVector":"v8fK7tFrOdcZwdUtVzgfut.207","action":"GetUpdates", "result":"DeleteReceived", "context":{"id":"6c7313fa-020b-4c41-aa68-306962482a9c", "isDeleted:":"true", "version":"1687389898742"}}
{"logTime": "0628/225012", "correlationVector":"v8fK7tFrOdcZwdUtVzgfut.208","action":"GetUpdates Response", "result":"SERVER_MORE_TO_DOWNLOAD", "context":Received 250 update(s).  Some updates remain.}
{"logTime": "0628/225012", "correlationVector":"H5ES8gNDk4V7u8aJI3GSrZ","action":"Initial GetUpdates", "result":"", "context":Reason: RECONFIGURATION. cV=H5ES8gNDk4V7u8aJI3GSrZ}
{"logTime": "0628/225012", "correlationVector":"H5ES8gNDk4V7u8aJI3GSrZ.1","action":"SyncServerConnectionManagerRequest", "result":"SYNC_SERVER_OK", "context":{"environment":"Prod_EastUS2_000e", "migrationStage":"NotStarted", "server":"general01000035"}}
{"logTime": "0628/225012", "correlationVector":"H5ES8gNDk4V7u8aJI3GSrZ.2","action":"GetUpdates", "result":"DeleteReceived", "context":{"id":"0934c2f0-2616-464c-a84e-e57433d7c05b", "isDeleted:":"true", "version":"1687392932980"}}
{"logTime": "0628/225012", "correlationVector":"H5ES8gNDk4V7u8aJI3GSrZ.3","action":"GetUpdates", "result":"DeleteReceived", "context":{"id":"297e4d9c-5083-47a9-8308-3013dbd06f44", "isDeleted:":"true", "version":"1687487623654"}}
{"logTime": "0628/225012", "correlationVector":"H5ES8gNDk4V7u8aJI3GSrZ.4","action":"GetUpdates", "result":"DeleteReceived", "context":{"id":"9b1a0cc9-9408-4a97-aafa-28de26f8e479", "isDeleted:":"true", "version":"1687392667119"}}
{"logTime": "0628/225012", "correlationVector":"H5ES8gNDk4V7u8aJI3GSrZ.5","action":"GetUpdates", "result":"DeleteReceived", "context":{"id":"69c46a0c-043b-4b66-8386-8636e149b110", "isDeleted:":"true", "version":"1687392667120"}}
{"logTime": "0628/225012", "correlationVector":"H5ES8gNDk4V7u8aJI3GSrZ.6","action":"GetUpdates", "result":"DeleteReceived", "context":{"id":"4bc5fb10-7c11-4bdb-a37a-7ccbe27bec4f", "isDeleted:":"true", "version":"1687392667123"}}
{"logTime": "0628/225012", "correlationVector":"H5ES8gNDk4V7u8aJI3GSrZ.7","action":"GetUpdates", "result":"DeleteReceived", "context":{"id":"7559128d-2c44-4c29-8ff5-2cd93b9bebde", "isDeleted:":"true", "version":"1687392764467"}}
{"logTime": "0628/225012", "correlationVector":"H5ES8gNDk4V7u8aJI3GSrZ.8","action":"GetUpdates", "result":"DeleteReceived", "context":{"id":"eefeb3f8-280e-4a02-8219-fba4cf59c4ac", "isDeleted:":"true", "version":"1687393058589"}}
{"logTime": "0628/225012", "correlationVector":"H5ES8gNDk4V7u8aJI3GSrZ.9","action":"GetUpdates", "result":"DeleteReceived", "context":{"id":"07a93516-98be-4ac3-b4cc-54cd069003ce", "isDeleted:":"true", "version":"1687393058591"}}
{"logTime": "0628/225012", "correlationVector":"H5ES8gNDk4V7u8aJI3GSrZ.10","action":"GetUpdates", "result":"DeleteReceived", "context":{"id":"92a0eabc-e2d7-4837-a071-7abfb6213abc", "isDeleted:":"true", "version":"1687393124600"}}
{"logTime": "0628/225012", "correlationVector":"H5ES8gNDk4V7u8aJI3GSrZ.11","action":"GetUpdates", "result":"DeleteReceived", "context":{"id":"d390f754-ceda-4895-9934-efb0f30b4358", "isDeleted:":"true", "version":"1687399556807"}}
{"logTime": "0628/225012", "correlationVector":"H5ES8gNDk4V7u8aJI3GSrZ.12","action":"GetUpdates", "result":"DeleteReceived", "context":{"id":"3b9da882-c82a-4ff8-893b-d70814572053", "isDeleted:":"true", "version":"1687399556808"}}
{"logTime": "0628/225012", "correlationVector":"H5ES8gNDk4V7u8aJI3GSrZ.13","action":"GetUpdates", "result":"DeleteReceived", "context":{"id":"1ffbffea-fd96-4887-9f96-faca50adb0ca", "isDeleted:":"true", "version":"1687399556809"}}
{"logTime": "0628/225012", "correlationVector":"H5ES8gNDk4V7u8aJI3GSrZ.14","action":"GetUpdates", "result":"DeleteReceived", "context":{"id":"176677c9-e179-4463-b242-1f38d38cddf6", "isDeleted:":"true", "version":"1687399556810"}}
{"logTime": "0628/225012", "correlationVector":"H5ES8gNDk4V7u8aJI3GSrZ.15","action":"GetUpdates", "result":"DeleteReceived", "context":{"id":"c39d8501-9754-42a7-a811-7cbea33a8fc7", "isDeleted:":"true", "version":"1687399556811"}}
{"logTime": "0628/225012", "correlationVector":"H5ES8gNDk4V7u8aJI3GSrZ.16","action":"GetUpdates", "result":"DeleteReceived", "context":{"id":"0cf2b646-208b-4c9c-a59a-62d20ef0fba1", "isDeleted:":"true", "version":"1687399556812"}}
{"logTime": "0628/225012", "correlationVector":"H5ES8gNDk4V7u8aJI3GSrZ.17","action":"GetUpdates", "result":"DeleteReceived", "context":{"id":"43a921d2-7cee-45c2-99f5-81e2ffc042c9", "isDeleted:":"true", "version":"1687399556814"}}
{"logTime": "0628/225012", "correlationVector":"H5ES8gNDk4V7u8aJI3GSrZ.18","action":"GetUpdates", "result":"DeleteReceived", "context":{"id":"ee707e82-fe06-4deb-b05d-17e3a95174b2", "isDeleted:":"true", "version":"1687399556815"}}
{"logTime": "0628/225012", "correlationVector":"H5ES8gNDk4V7u8aJI3GSrZ.19","action":"GetUpdates", "result":"DeleteReceived", "context":{"id":"2438fc4a-fb56-4eee-97b9-1a718350cbd3", "isDeleted:":"true", "version":"1687399556816"}}
{"logTime": "0628/225012", "correlationVector":"H5ES8gNDk4V7u8aJI3GSrZ.20","action":"GetUpdates", "result":"DeleteReceived", "context":{"id":"4f157ad9-ec22-480f-be3b-643e35341d4e", "isDeleted:":"true", "version":"1687399556817"}}
{"logTime": "0628/225012", "correlationVector":"H5ES8gNDk4V7u8aJI3GSrZ.21","action":"GetUpdates", "result":"DeleteReceived", "context":{"id":"c455780b-91e2-40a2-8e38-cd4baae90cce", "isDeleted:":"true", "version":"1687399556818"}}
{"logTime": "0628/225012", "correlationVector":"H5ES8gNDk4V7u8aJI3GSrZ.22","action":"GetUpdates", "result":"DeleteReceived", "context":{"id":"dfc31ce1-ad4a-4f9e-a213-6202e98adeb2", "isDeleted:":"true", "version":"1687399556819"}}
{"logTime": "0628/225012", "correlationVector":"H5ES8gNDk4V7u8aJI3GSrZ.23","action":"GetUpdates", "result":"DeleteReceived", "context":{"id":"b504b21e-c5fc-4256-8f6c-f610fffe14a8", "isDeleted:":"true", "version":"1687399556820"}}
{"logTime": "0628/225012", "correlationVector":"H5ES8gNDk4V7u8aJI3GSrZ.24","action":"GetUpdates", "result":"DeleteReceived", "context":{"id":"35a4a4a1-36fa-4f42-98e7-c71385605427", "isDeleted:":"true", "version":"1687399556821"}}
{"logTime": "0628/225012", "correlationVector":"H5ES8gNDk4V7u8aJI3GSrZ.25","action":"GetUpdates", "result":"DeleteReceived", "context":{"id":"f5b2516b-6fa8-43e8-b2dc-3bccd0b9aa08", "isDeleted:":"true", "version":"1687408194254"}}
{"logTime": "0628/225012", "correlationVector":"H5ES8gNDk4V7u8aJI3GSrZ.26","action":"GetUpdates", "result":"DeleteReceived", "context":{"id":"eb7610f6-b1cb-4856-a977-a7247a13cd4b", "isDeleted:":"true", "version":"1687440951040"}}
{"logTime": "0628/225012", "correlationVector":"H5ES8gNDk4V7u8aJI3GSrZ.27","action":"GetUpdates", "result":"DeleteReceived", "context":{"id":"a1af7d23-9fe3-446d-9916-14065f65cd3f", "isDeleted:":"true", "version":"1687443801622"}}
{"logTime": "0628/225012", "correlationVector":"H5ES8gNDk4V7u8aJI3GSrZ.28","action":"GetUpdates", "result":"DeleteReceived", "context":{"id":"8b8d932c-3851-4325-9a57-033b93375938", "isDeleted:":"true", "version":"1687453721923"}}
{"logTime": "0628/225012", "correlationVector":"H5ES8gNDk4V7u8aJI3GSrZ.29","action":"GetUpdates", "result":"DeleteReceived", "context":{"id":"e15142c2-275c-4ce0-9fda-3a5d83ef9a33", "isDeleted:":"true", "version":"1687464163137"}}
{"logTime": "0628/225013", "correlationVector":"H5ES8gNDk4V7u8aJI3GSrZ.30","action":"GetUpdates", "result":"DeleteReceived", "context":{"id":"cfd13a08-2eae-43eb-9ddc-b52108e54581", "isDeleted:":"true", "version":"1687464299256"}}
{"logTime": "0628/225013", "correlationVector":"H5ES8gNDk4V7u8aJI3GSrZ.31","action":"GetUpdates", "result":"DeleteReceived", "context":{"id":"76312b50-b06f-4bc2-b6e1-4c71816329cc", "isDeleted:":"true", "version":"1687466486001"}}
{"logTime": "0628/225013", "correlationVector":"H5ES8gNDk4V7u8aJI3GSrZ.32","action":"GetUpdates", "result":"DeleteReceived", "context":{"id":"8023443f-daee-427c-8a3a-b7f0ef02acbb", "isDeleted:":"true", "version":"1687466486002"}}
{"logTime": "0628/225013", "correlationVector":"H5ES8gNDk4V7u8aJI3GSrZ.33","action":"GetUpdates", "result":"DeleteReceived", "context":{"id":"bfb04453-f03b-4158-9eb1-3bc705d9b973", "isDeleted:":"true", "version":"1687466486003"}}
{"logTime": "0628/225013", "correlationVector":"H5ES8gNDk4V7u8aJI3GSrZ.34","action":"GetUpdates", "result":"DeleteReceived", "context":{"id":"221dc7f0-9c02-45e7-9a14-793af742ac54", "isDeleted:":"true", "version":"1687466486005"}}
{"logTime": "0628/225013", "correlationVector":"H5ES8gNDk4V7u8aJI3GSrZ.35","action":"GetUpdates", "result":"DeleteReceived", "context":{"id":"f41dc4f2-9cad-4542-b56a-3c1d0b983e7d", "isDeleted:":"true", "version":"1687470008590"}}
{"logTime": "0628/225013", "correlationVector":"H5ES8gNDk4V7u8aJI3GSrZ.36","action":"GetUpdates", "result":"DeleteReceived", "context":{"id":"b5cc77ab-96fe-424c-b37b-d6d24a96aa78", "isDeleted:":"true", "version":"1687470181574"}}
{"logTime": "0628/225013", "correlationVector":"H5ES8gNDk4V7u8aJI3GSrZ.37","action":"GetUpdates", "result":"DeleteReceived", "context":{"id":"f13aeb33-57c4-4b99-87fd-7704893dbd23", "isDeleted:":"true", "version":"1687470748785"}}
{"logTime": "0628/225013", "correlationVector":"H5ES8gNDk4V7u8aJI3GSrZ.38","action":"GetUpdates", "result":"DeleteReceived", "context":{"id":"67449c36-be6c-48ad-acb8-293dee70a201", "isDeleted:":"true", "version":"1687470748788"}}
{"logTime": "0628/225013", "correlationVector":"H5ES8gNDk4V7u8aJI3GSrZ.39","action":"GetUpdates", "result":"DeleteReceived", "context":{"id":"08f8e872-b105-4284-bfc5-13a03de86b27", "isDeleted:":"true", "version":"1687472454293"}}
{"logTime": "0628/225013", "correlationVector":"H5ES8gNDk4V7u8aJI3GSrZ.40","action":"GetUpdates", "result":"DeleteReceived", "context":{"id":"654d3536-aee6-4547-9e45-21e960525317", "isDeleted:":"true", "version":"1687473304165"}}
{"logTime": "0628/225013", "correlationVector":"H5ES8gNDk4V7u8aJI3GSrZ.41","action":"GetUpdates", "result":"DeleteReceived", "context":{"id":"dc1ba866-e03b-4c60-8680-88e88cc052d4", "isDeleted:":"true", "version":"1687473497376"}}
{"logTime": "0628/225013", "correlationVector":"H5ES8gNDk4V7u8aJI3GSrZ.42","action":"GetUpdates", "result":"DeleteReceived", "context":{"id":"f0a09745-00db-4637-9039-808d7ab2eb16", "isDeleted:":"true", "version":"1687474099661"}}
{"logTime": "0628/225013", "correlationVector":"H5ES8gNDk4V7u8aJI3GSrZ.43","action":"GetUpdates", "result":"DeleteReceived", "context":{"id":"b68ad9ea-406b-407f-8552-498c1ffbd291", "isDeleted:":"true", "version":"1687477290068"}}
{"logTime": "0628/225013", "correlationVector":"H5ES8gNDk4V7u8aJI3GSrZ.44","action":"GetUpdates", "result":"DeleteReceived", "context":{"id":"46f323c0-9acd-4bd0-b4e3-01a6e1d69f7f", "isDeleted:":"true", "version":"1687479078457"}}
{"logTime": "0628/225013", "correlationVector":"H5ES8gNDk4V7u8aJI3GSrZ.45","action":"GetUpdates", "result":"DeleteReceived", "context":{"id":"9940e54e-d0e9-4291-b4b7-8f4b0923737e", "isDeleted:":"true", "version":"1687480281428"}}
{"logTime": "0628/225013", "correlationVector":"H5ES8gNDk4V7u8aJI3GSrZ.46","action":"GetUpdates", "result":"DeleteReceived", "context":{"id":"5150bb08-2518-4084-b53e-58f646ce7758", "isDeleted:":"true", "version":"1687486928138"}}
{"logTime": "0628/225013", "correlationVector":"H5ES8gNDk4V7u8aJI3GSrZ.47","action":"GetUpdates", "result":"DeleteReceived", "context":{"id":"d29dae9b-f10d-4982-8a21-b2537559c7fe", "isDeleted:":"true", "version":"1687486928140"}}
{"logTime": "0628/225013", "correlationVector":"H5ES8gNDk4V7u8aJI3GSrZ.48","action":"GetUpdates", "result":"DeleteReceived", "context":{"id":"462b63ed-fc12-4a31-a6cc-77c2ddbab2ae", "isDeleted:":"true", "version":"1687496248335"}}
{"logTime": "0628/225013", "correlationVector":"H5ES8gNDk4V7u8aJI3GSrZ.49","action":"GetUpdates", "result":"DeleteReceived", "context":{"id":"a5807bcc-a54b-4ee0-89fa-dc98cd208e1a", "isDeleted:":"true", "version":"1687496248336"}}
{"logTime": "0628/225013", "correlationVector":"H5ES8gNDk4V7u8aJI3GSrZ.50","action":"GetUpdates", "result":"DeleteReceived", "context":{"id":"4391bfe1-83dd-461b-8d25-70a97d209d53", "isDeleted:":"true", "version":"1687496248337"}}
{"logTime": "0628/225013", "correlationVector":"H5ES8gNDk4V7u8aJI3GSrZ.51","action":"GetUpdates", "result":"DeleteReceived", "context":{"id":"e2a4ce96-4089-48fe-b244-b3dd117e9d7c", "isDeleted:":"true", "version":"1687525095029"}}
{"logTime": "0628/225013", "correlationVector":"H5ES8gNDk4V7u8aJI3GSrZ.52","action":"GetUpdates", "result":"DeleteReceived", "context":{"id":"64a395ce-be12-40a7-a581-5f1de62e118b", "isDeleted:":"true", "version":"1687552942760"}}
{"logTime": "0628/225013", "correlationVector":"H5ES8gNDk4V7u8aJI3GSrZ.53","action":"GetUpdates", "result":"DeleteReceived", "context":{"id":"2642b515-de4c-4466-b14b-dd223cc26ddf", "isDeleted:":"true", "version":"1687556701224"}}
{"logTime": "0628/225013", "correlationVector":"H5ES8gNDk4V7u8aJI3GSrZ.54","action":"GetUpdates", "result":"DeleteReceived", "context":{"id":"064157ef-38ea-45ed-ba72-8b270f43ac13", "isDeleted:":"true", "version":"1687557221773"}}
{"logTime": "0628/225013", "correlationVector":"H5ES8gNDk4V7u8aJI3GSrZ.55","action":"GetUpdates", "result":"DeleteReceived", "context":{"id":"36e2856f-8c6e-42bc-8f73-5f6f1117d7f2", "isDeleted:":"true", "version":"1687557221774"}}
{"logTime": "0628/225013", "correlationVector":"H5ES8gNDk4V7u8aJI3GSrZ.56","action":"GetUpdates", "result":"DeleteReceived", "context":{"id":"f5e6b7ca-7e27-4963-be2b-ce6c0dbfd761", "isDeleted:":"true", "version":"1687557252486"}}
{"logTime": "0628/225013", "correlationVector":"H5ES8gNDk4V7u8aJI3GSrZ.57","action":"GetUpdates", "result":"DeleteReceived", "context":{"id":"4e556efa-33d8-476d-a06e-91fcf5f1c1f4", "isDeleted:":"true", "version":"1687584323156"}}
{"logTime": "0628/225013", "correlationVector":"H5ES8gNDk4V7u8aJI3GSrZ.58","action":"GetUpdates", "result":"DeleteReceived", "context":{"id":"5568ecc0-bcad-4854-a09e-2b6b7f2e51eb", "isDeleted:":"true", "version":"1687616661260"}}
{"logTime": "0628/225013", "correlationVector":"H5ES8gNDk4V7u8aJI3GSrZ.59","action":"GetUpdates", "result":"DeleteReceived", "context":{"id":"14f47dfb-8f61-4f4f-a25f-3229559c91c1", "isDeleted:":"true", "version":"1687617187538"}}
{"logTime": "0628/225013", "correlationVector":"H5ES8gNDk4V7u8aJI3GSrZ.60","action":"GetUpdates", "result":"DeleteReceived", "context":{"id":"a78a7915-3fa6-498c-95f3-70dd70c4d8aa", "isDeleted:":"true", "version":"1687617187539"}}
{"logTime": "0628/225013", "correlationVector":"H5ES8gNDk4V7u8aJI3GSrZ.61","action":"GetUpdates", "result":"DeleteReceived", "context":{"id":"ade74b4d-5d22-4f75-aca5-72de553b8e40", "isDeleted:":"true", "version":"1687618535322"}}
{"logTime": "0628/225013", "correlationVector":"H5ES8gNDk4V7u8aJI3GSrZ.62","action":"GetUpdates", "result":"DeleteReceived", "context":{"id":"130eeb1c-d8bf-41cc-a305-9c8c7041ea49", "isDeleted:":"true", "version":"1687618686223"}}
{"logTime": "0628/225013", "correlationVector":"H5ES8gNDk4V7u8aJI3GSrZ.63","action":"GetUpdates", "result":"DeleteReceived", "context":{"id":"d6df9413-f869-427d-a790-21e4ba5c1fe2", "isDeleted:":"true", "version":"1687626047337"}}
{"logTime": "0628/225013", "correlationVector":"H5ES8gNDk4V7u8aJI3GSrZ.64","action":"GetUpdates", "result":"DeleteReceived", "context":{"id":"3bb9d1af-1c2c-4f1c-b896-6b410d5996d9", "isDeleted:":"true", "version":"1687672313889"}}
{"logTime": "0628/225013", "correlationVector":"H5ES8gNDk4V7u8aJI3GSrZ.65","action":"GetUpdates", "result":"DeleteReceived", "context":{"id":"25fd560e-f061-49c3-b698-60cd3a8e4eee", "isDeleted:":"true", "version":"1687672313890"}}
{"logTime": "0628/225013", "correlationVector":"H5ES8gNDk4V7u8aJI3GSrZ.66","action":"GetUpdates", "result":"DeleteReceived", "context":{"id":"b578bfd3-ad6b-4940-8a02-f60dbed692b2", "isDeleted:":"true", "version":"1687672313891"}}
{"logTime": "0628/225013", "correlationVector":"H5ES8gNDk4V7u8aJI3GSrZ.67","action":"GetUpdates", "result":"DeleteReceived", "context":{"id":"b680de70-5757-4a9c-aba9-691a98ec0a3d", "isDeleted:":"true", "version":"1687672313893"}}
{"logTime": "0628/225013", "correlationVector":"H5ES8gNDk4V7u8aJI3GSrZ.68","action":"GetUpdates", "result":"DeleteReceived", "context":{"id":"596a1545-cc9c-4d64-af2c-7de684ced997", "isDeleted:":"true", "version":"1687678911554"}}
{"logTime": "0628/225013", "correlationVector":"H5ES8gNDk4V7u8aJI3GSrZ.69","action":"GetUpdates", "result":"DeleteReceived", "context":{"id":"446a50c0-6894-4743-bd7f-f44ac585152c", "isDeleted:":"true", "version":"1687699109281"}}
{"logTime": "0628/225013", "correlationVector":"H5ES8gNDk4V7u8aJI3GSrZ.70","action":"GetUpdates", "result":"DeleteReceived", "context":{"id":"7d2a5e12-1981-4e2c-b6ce-2c4263efac13", "isDeleted:":"true", "version":"1687699468439"}}
{"logTime": "0628/225013", "correlationVector":"H5ES8gNDk4V7u8aJI3GSrZ.71","action":"GetUpdates", "result":"DeleteReceived", "context":{"id":"9f83e3dd-f0d6-4956-aca3-1cb45cee7ae5", "isDeleted:":"true", "version":"1687705628489"}}
{"logTime": "0628/225013", "correlationVector":"H5ES8gNDk4V7u8aJI3GSrZ.72","action":"GetUpdates", "result":"DeleteReceived", "context":{"id":"5757d75f-1160-4446-bace-03381efe5758", "isDeleted:":"true", "version":"1687705628490"}}
{"logTime": "0628/225013", "correlationVector":"H5ES8gNDk4V7u8aJI3GSrZ.73","action":"GetUpdates", "result":"DeleteReceived", "context":{"id":"ccf3be08-21e2-4549-8ea2-c427199a8215", "isDeleted:":"true", "version":"1687707146542"}}
{"logTime": "0628/225013", "correlationVector":"H5ES8gNDk4V7u8aJI3GSrZ.74","action":"GetUpdates", "result":"DeleteReceived", "context":{"id":"8b7449a4-7253-44af-ba85-b73fa62973c4", "isDeleted:":"true", "version":"1687716576619"}}
{"logTime": "0628/225013", "correlationVector":"H5ES8gNDk4V7u8aJI3GSrZ.75","action":"GetUpdates", "result":"DeleteReceived", "context":{"id":"d7e3da1a-f732-462e-8af1-024ab876e120", "isDeleted:":"true", "version":"1687716576620"}}
{"logTime": "0628/225013", "correlationVector":"H5ES8gNDk4V7u8aJI3GSrZ.76","action":"GetUpdates", "result":"DeleteReceived", "context":{"id":"b21fd8bb-6b53-44e3-80f2-8abcfd6cc28a", "isDeleted:":"true", "version":"1687716576621"}}
{"logTime": "0628/225013", "correlationVector":"H5ES8gNDk4V7u8aJI3GSrZ.77","action":"GetUpdates", "result":"DeleteReceived", "context":{"id":"0855a8b7-cbdd-44f7-8dcb-b30c46332046", "isDeleted:":"true", "version":"1687719774363"}}
{"logTime": "0628/225013", "correlationVector":"H5ES8gNDk4V7u8aJI3GSrZ.78","action":"GetUpdates", "result":"DeleteReceived", "context":{"id":"855f02aa-6b39-4a94-9fc2-b9caf7ba500c", "isDeleted:":"true", "version":"1687734305357"}}
{"logTime": "0628/225013", "correlationVector":"H5ES8gNDk4V7u8aJI3GSrZ.79","action":"GetUpdates", "result":"DeleteReceived", "context":{"id":"4bd8f4d8-0bcb-466c-8b5c-2fb112d01655", "isDeleted:":"true", "version":"1687734305359"}}
{"logTime": "0628/225013", "correlationVector":"H5ES8gNDk4V7u8aJI3GSrZ.80","action":"GetUpdates", "result":"DeleteReceived", "context":{"id":"4d4b3980-a4c1-4349-a9a1-6a268bbdadf4", "isDeleted:":"true", "version":"1687735544045"}}
{"logTime": "0628/225013", "correlationVector":"H5ES8gNDk4V7u8aJI3GSrZ.81","action":"GetUpdates", "result":"DeleteReceived", "context":{"id":"43142c2e-bdf0-43fe-9475-0f16b9d39647", "isDeleted:":"true", "version":"1687735544046"}}
{"logTime": "0628/225013", "correlationVector":"H5ES8gNDk4V7u8aJI3GSrZ.82","action":"GetUpdates", "result":"DeleteReceived", "context":{"id":"40394e41-dcc3-4842-be34-5735093af960", "isDeleted:":"true", "version":"1687736830995"}}
{"logTime": "0628/225013", "correlationVector":"H5ES8gNDk4V7u8aJI3GSrZ.83","action":"GetUpdates", "result":"DeleteReceived", "context":{"id":"3946468e-272e-4ee9-8d51-448df16c5d99", "isDeleted:":"true", "version":"1687737438453"}}
{"logTime": "0628/225013", "correlationVector":"H5ES8gNDk4V7u8aJI3GSrZ.84","action":"GetUpdates", "result":"DeleteReceived", "context":{"id":"6e43ca1a-d8b7-4e90-8ab8-b728371b82c1", "isDeleted:":"true", "version":"1687743326656"}}
{"logTime": "0628/225013", "correlationVector":"H5ES8gNDk4V7u8aJI3GSrZ.85","action":"GetUpdates", "result":"DeleteReceived", "context":{"id":"d800a019-23f5-43c1-9684-188f6410207f", "isDeleted:":"true", "version":"1687745583519"}}
{"logTime": "0628/225013", "correlationVector":"H5ES8gNDk4V7u8aJI3GSrZ.86","action":"GetUpdates", "result":"DeleteReceived", "context":{"id":"e5675aa3-a1f2-49bd-9305-4bef86efac4a", "isDeleted:":"true", "version":"1687747265147"}}
{"logTime": "0628/225013", "correlationVector":"H5ES8gNDk4V7u8aJI3GSrZ.87","action":"GetUpdates", "result":"DeleteReceived", "context":{"id":"8b226477-86f8-4522-ad92-37cbfddb7970", "isDeleted:":"true", "version":"1687754231058"}}
{"logTime": "0628/225013", "correlationVector":"H5ES8gNDk4V7u8aJI3GSrZ.88","action":"GetUpdates", "result":"DeleteReceived", "context":{"id":"9dbc41c1-96db-48bf-b1d4-c8b72274ff75", "isDeleted:":"true", "version":"1687754238317"}}
{"logTime": "0628/225013", "correlationVector":"H5ES8gNDk4V7u8aJI3GSrZ.89","action":"GetUpdates", "result":"DeleteReceived", "context":{"id":"0a265c50-745d-4ced-a83a-e4920929b2f7", "isDeleted:":"true", "version":"1687754271870"}}
{"logTime": "0628/225013", "correlationVector":"H5ES8gNDk4V7u8aJI3GSrZ.90","action":"GetUpdates", "result":"DeleteReceived", "context":{"id":"61ebb14f-4533-47fb-a1e5-ccfa87ce783a", "isDeleted:":"true", "version":"1687754861299"}}
{"logTime": "0628/225013", "correlationVector":"H5ES8gNDk4V7u8aJI3GSrZ.91","action":"GetUpdates", "result":"DeleteReceived", "context":{"id":"77b79c2a-023f-42fc-aaae-32efecb49852", "isDeleted:":"true", "version":"1687754861301"}}
{"logTime": "0628/225013", "correlationVector":"H5ES8gNDk4V7u8aJI3GSrZ.92","action":"GetUpdates", "result":"DeleteReceived", "context":{"id":"bead25b4-c71c-40ba-91c8-2c5accc46cd3", "isDeleted:":"true", "version":"1687754861303"}}
{"logTime": "0628/225013", "correlationVector":"H5ES8gNDk4V7u8aJI3GSrZ.93","action":"GetUpdates", "result":"DeleteReceived", "context":{"id":"69e28794-1c9e-4c8e-95cf-8c1ac3a7989d", "isDeleted:":"true", "version":"1687755234082"}}
{"logTime": "0628/225013", "correlationVector":"H5ES8gNDk4V7u8aJI3GSrZ.94","action":"GetUpdates", "result":"DeleteReceived", "context":{"id":"c2a369d7-8d3d-4151-b856-ffb2962b7645", "isDeleted:":"true", "version":"1687759399267"}}
{"logTime": "0628/225013", "correlationVector":"H5ES8gNDk4V7u8aJI3GSrZ.95","action":"GetUpdates", "result":"DeleteReceived", "context":{"id":"d1b68526-33e8-4361-9123-1589e8571846", "isDeleted:":"true", "version":"1687789194247"}}
{"logTime": "0628/225013", "correlationVector":"H5ES8gNDk4V7u8aJI3GSrZ.96","action":"GetUpdates", "result":"DeleteReceived", "context":{"id":"8b0a33aa-1a90-4353-9717-94795cd6cd63", "isDeleted:":"true", "version":"1687789194248"}}
{"logTime": "0628/225013", "correlationVector":"H5ES8gNDk4V7u8aJI3GSrZ.97","action":"GetUpdates", "result":"DeleteReceived", "context":{"id":"993fcb26-5786-47cc-96b0-98c61fc1ee23", "isDeleted:":"true", "version":"1687789194249"}}
{"logTime": "0628/225013", "correlationVector":"H5ES8gNDk4V7u8aJI3GSrZ.98","action":"GetUpdates", "result":"DeleteReceived", "context":{"id":"36358e58-66c3-41be-b7a1-64c7c5d396dd", "isDeleted:":"true", "version":"1687789194251"}}
{"logTime": "0628/225013", "correlationVector":"H5ES8gNDk4V7u8aJI3GSrZ.99","action":"GetUpdates", "result":"DeleteReceived", "context":{"id":"cea50571-03e2-4474-b9ad-06c706507896", "isDeleted:":"true", "version":"1687800855363"}}
{"logTime": "0628/225013", "correlationVector":"H5ES8gNDk4V7u8aJI3GSrZ.100","action":"GetUpdates", "result":"DeleteReceived", "context":{"id":"c57cc05f-7502-40be-825f-2d1a86fd114b", "isDeleted:":"true", "version":"1687800855364"}}
{"logTime": "0628/225013", "correlationVector":"H5ES8gNDk4V7u8aJI3GSrZ.101","action":"GetUpdates", "result":"DeleteReceived", "context":{"id":"366c5fe9-da82-4b61-8194-0ab3d201aa86", "isDeleted:":"true", "version":"1687800855367"}}
{"logTime": "0628/225013", "correlationVector":"H5ES8gNDk4V7u8aJI3GSrZ.102","action":"GetUpdates", "result":"DeleteReceived", "context":{"id":"8f3d2ddc-13c8-4afb-b75f-a784539c9e51", "isDeleted:":"true", "version":"1687803933263"}}
{"logTime": "0628/225013", "correlationVector":"H5ES8gNDk4V7u8aJI3GSrZ.103","action":"GetUpdates", "result":"DeleteReceived", "context":{"id":"9bb63f62-b135-433b-ab45-2a29d813a7fb", "isDeleted:":"true", "version":"1687817317521"}}
{"logTime": "0628/225013", "correlationVector":"H5ES8gNDk4V7u8aJI3GSrZ.104","action":"GetUpdates", "result":"DeleteReceived", "context":{"id":"267e92d1-5c22-429b-ac9b-8b1cea7a7356", "isDeleted:":"true", "version":"1687831954461"}}
{"logTime": "0628/225013", "correlationVector":"H5ES8gNDk4V7u8aJI3GSrZ.105","action":"GetUpdates", "result":"DeleteReceived", "context":{"id":"370e884a-8612-47df-8055-72be0fb1f6a3", "isDeleted:":"true", "version":"1687838553025"}}
{"logTime": "0628/225013", "correlationVector":"H5ES8gNDk4V7u8aJI3GSrZ.106","action":"GetUpdates", "result":"DeleteReceived", "context":{"id":"13f10001-03ca-4320-ba4b-bbf5ecdd6b39", "isDeleted:":"true", "version":"1687838553026"}}
{"logTime": "0628/225013", "correlationVector":"H5ES8gNDk4V7u8aJI3GSrZ.107","action":"GetUpdates", "result":"DeleteReceived", "context":{"id":"de2577f1-c850-4e7f-9fbf-627e1bb10634", "isDeleted:":"true", "version":"1687876056750"}}
{"logTime": "0628/225013", "correlationVector":"H5ES8gNDk4V7u8aJI3GSrZ.108","action":"GetUpdates", "result":"DeleteReceived", "context":{"id":"6197758f-2670-4791-a11f-4ab6c4838539", "isDeleted:":"true", "version":"1687881579811"}}
{"logTime": "0628/225013", "correlationVector":"H5ES8gNDk4V7u8aJI3GSrZ.109","action":"GetUpdates", "result":"DeleteReceived", "context":{"id":"53c57455-36a4-404b-8a99-edb67c99f572", "isDeleted:":"true", "version":"1687882125864"}}
{"logTime": "0628/225013", "correlationVector":"H5ES8gNDk4V7u8aJI3GSrZ.110","action":"GetUpdates", "result":"DeleteReceived", "context":{"id":"6351a23c-f285-44cf-a3db-299e5e7ff615", "isDeleted:":"true", "version":"1687882156697"}}
{"logTime": "0628/225013", "correlationVector":"H5ES8gNDk4V7u8aJI3GSrZ.111","action":"GetUpdates", "result":"DeleteReceived", "context":{"id":"96f56f8c-c3db-47b3-8dca-26f7785f0d2c", "isDeleted:":"true", "version":"1687882156698"}}
{"logTime": "0628/225013", "correlationVector":"H5ES8gNDk4V7u8aJI3GSrZ.112","action":"GetUpdates", "result":"DeleteReceived", "context":{"id":"755bf3f2-2a4d-43cf-8280-0210ddeb93cf", "isDeleted:":"true", "version":"1687893147174"}}
{"logTime": "0628/225013", "correlationVector":"H5ES8gNDk4V7u8aJI3GSrZ.113","action":"GetUpdates", "result":"DeleteReceived", "context":{"id":"da55c90c-b54e-49ee-a768-3d33c2c048cf", "isDeleted:":"true", "version":"1687893147175"}}
{"logTime": "0628/225013", "correlationVector":"H5ES8gNDk4V7u8aJI3GSrZ.114","action":"GetUpdates", "result":"DeleteReceived", "context":{"id":"505b639e-5979-4836-a222-577752df4f32", "isDeleted:":"true", "version":"1687893147178"}}
{"logTime": "0628/225013", "correlationVector":"H5ES8gNDk4V7u8aJI3GSrZ.115","action":"GetUpdates", "result":"DeleteReceived", "context":{"id":"458da785-3916-4db3-8887-dbdad7c31745", "isDeleted:":"true", "version":"1687893432304"}}
{"logTime": "0628/225013", "correlationVector":"H5ES8gNDk4V7u8aJI3GSrZ.116","action":"GetUpdates", "result":"DeleteReceived", "context":{"id":"35ee6c98-f360-4863-961d-e3ec42ab91af", "isDeleted:":"true", "version":"1687893432305"}}
{"logTime": "0628/225013", "correlationVector":"H5ES8gNDk4V7u8aJI3GSrZ.117","action":"GetUpdates", "result":"DeleteReceived", "context":{"id":"4c5c4e51-a24f-494a-a57f-28e7ce08530b", "isDeleted:":"true", "version":"1687895849934"}}
{"logTime": "0628/225013", "correlationVector":"H5ES8gNDk4V7u8aJI3GSrZ.118","action":"GetUpdates", "result":"DeleteReceived", "context":{"id":"ebd55075-943e-42c8-bcec-e5992038b22c", "isDeleted:":"true", "version":"1687895849935"}}
{"logTime": "0628/225013", "correlationVector":"H5ES8gNDk4V7u8aJI3GSrZ.119","action":"GetUpdates", "result":"DeleteReceived", "context":{"id":"7531b606-507e-424b-bb54-f68210927ae3", "isDeleted:":"true", "version":"1687898021908"}}
{"logTime": "0628/225013", "correlationVector":"H5ES8gNDk4V7u8aJI3GSrZ.120","action":"GetUpdates", "result":"DeleteReceived", "context":{"id":"6764d473-6acf-415a-b981-c7e12fdefebf", "isDeleted:":"true", "version":"1687898273116"}}
{"logTime": "0628/225013", "correlationVector":"H5ES8gNDk4V7u8aJI3GSrZ.121","action":"GetUpdates", "result":"DeleteReceived", "context":{"id":"ce854171-9b30-4957-8b44-b76cdcd8d62e", "isDeleted:":"true", "version":"1687898374349"}}
{"logTime": "0628/225013", "correlationVector":"H5ES8gNDk4V7u8aJI3GSrZ.122","action":"GetUpdates", "result":"DeleteReceived", "context":{"id":"229e6b7a-392d-47c7-9c0d-87c4462f24e5", "isDeleted:":"true", "version":"1687899994045"}}
{"logTime": "0628/225013", "correlationVector":"H5ES8gNDk4V7u8aJI3GSrZ.123","action":"GetUpdates", "result":"DeleteReceived", "context":{"id":"14794c0e-066b-4685-a79f-8c326a0844a2", "isDeleted:":"true", "version":"1687899994046"}}
{"logTime": "0628/225013", "correlationVector":"H5ES8gNDk4V7u8aJI3GSrZ.124","action":"GetUpdates", "result":"DeleteReceived", "context":{"id":"6aaf77bd-6d3c-43ef-94e6-9278a61c1e1b", "isDeleted:":"true", "version":"1687900439366"}}
{"logTime": "0628/225013", "correlationVector":"H5ES8gNDk4V7u8aJI3GSrZ.125","action":"GetUpdates", "result":"DeleteReceived", "context":{"id":"8db8e298-7cf5-4d44-affc-6ffcff8f5216", "isDeleted:":"true", "version":"1687900479125"}}
{"logTime": "0628/225013", "correlationVector":"H5ES8gNDk4V7u8aJI3GSrZ.126","action":"GetUpdates", "result":"DeleteReceived", "context":{"id":"1544e185-4e54-4660-8532-0ea7639d770e", "isDeleted:":"true", "version":"1687901066626"}}
{"logTime": "0628/225013", "correlationVector":"H5ES8gNDk4V7u8aJI3GSrZ.127","action":"GetUpdates", "result":"DeleteReceived", "context":{"id":"2ac18356-0c67-4ba1-bb61-fdc082f49351", "isDeleted:":"true", "version":"1687902608942"}}
{"logTime": "0628/225013", "correlationVector":"H5ES8gNDk4V7u8aJI3GSrZ.128","action":"GetUpdates", "result":"DeleteReceived", "context":{"id":"00974545-29d9-4f48-88ed-d420f354e887", "isDeleted:":"true", "version":"1687903548000"}}
{"logTime": "0628/225013", "correlationVector":"H5ES8gNDk4V7u8aJI3GSrZ.129","action":"GetUpdates", "result":"DeleteReceived", "context":{"id":"63336a42-52c0-43b5-a932-a41aea92d7fc", "isDeleted:":"true", "version":"1687903578449"}}
{"logTime": "0628/225013", "correlationVector":"H5ES8gNDk4V7u8aJI3GSrZ.130","action":"GetUpdates", "result":"DeleteReceived", "context":{"id":"c327d8c2-8c24-4a28-b552-c6e26fc5adae", "isDeleted:":"true", "version":"1687903578450"}}
{"logTime": "0628/225013", "correlationVector":"H5ES8gNDk4V7u8aJI3GSrZ.131","action":"GetUpdates", "result":"DeleteReceived", "context":{"id":"6f033557-5b28-4c58-b042-4ac2a6b49a7b", "isDeleted:":"true", "version":"1687903578454"}}
{"logTime": "0628/225013", "correlationVector":"H5ES8gNDk4V7u8aJI3GSrZ.132","action":"GetUpdates", "result":"DeleteReceived", "context":{"id":"35d1721c-bd7b-41a7-88a2-3f961184a870", "isDeleted:":"true", "version":"1687903578455"}}
{"logTime": "0628/225013", "correlationVector":"H5ES8gNDk4V7u8aJI3GSrZ.133","action":"GetUpdates", "result":"DeleteReceived", "context":{"id":"72a17b19-0f73-42d2-bd2f-095f7be97790", "isDeleted:":"true", "version":"1687903613228"}}
{"logTime": "0628/225013", "correlationVector":"H5ES8gNDk4V7u8aJI3GSrZ.134","action":"GetUpdates", "result":"DeleteReceived", "context":{"id":"5edcbc0c-06e1-4825-bbfd-6d0a31425253", "isDeleted:":"true", "version":"1687913347017"}}
{"logTime": "0628/225013", "correlationVector":"H5ES8gNDk4V7u8aJI3GSrZ.135","action":"GetUpdates", "result":"DeleteReceived", "context":{"id":"673ef913-6789-4ebc-9f22-4a8fd8b44ff6", "isDeleted:":"true", "version":"1687913347020"}}
{"logTime": "0628/225013", "correlationVector":"H5ES8gNDk4V7u8aJI3GSrZ.136","action":"GetUpdates", "result":"DeleteReceived", "context":{"id":"dd07a53c-fc81-4143-98ca-2caf3d57309a", "isDeleted:":"true", "version":"1687914920744"}}
{"logTime": "0628/225013", "correlationVector":"H5ES8gNDk4V7u8aJI3GSrZ.137","action":"GetUpdates", "result":"DeleteReceived", "context":{"id":"7c2a2899-5e6f-4fa7-bd83-4f3a07af8646", "isDeleted:":"true", "version":"1687914920745"}}
{"logTime": "0628/225013", "correlationVector":"H5ES8gNDk4V7u8aJI3GSrZ.138","action":"GetUpdates", "result":"DeleteReceived", "context":{"id":"5408a4b7-820a-4f55-ab6c-f4ca34797b9a", "isDeleted:":"true", "version":"1687914920746"}}
{"logTime": "0628/225013", "correlationVector":"H5ES8gNDk4V7u8aJI3GSrZ.139","action":"GetUpdates", "result":"DeleteReceived", "context":{"id":"665e566d-ec71-4042-a81a-f8c6cf582d85", "isDeleted:":"true", "version":"1687914920748"}}
{"logTime": "0628/225013", "correlationVector":"H5ES8gNDk4V7u8aJI3GSrZ.140","action":"GetUpdates", "result":"DeleteReceived", "context":{"id":"43944e54-7a0c-46c1-aae7-a1d3e71af6c9", "isDeleted:":"true", "version":"1687915036080"}}
{"logTime": "0628/225013", "correlationVector":"H5ES8gNDk4V7u8aJI3GSrZ.141","action":"GetUpdates", "result":"DeleteReceived", "context":{"id":"ed2851cf-6700-4a82-8d6a-edd563680b59", "isDeleted:":"true", "version":"1687915036083"}}
{"logTime": "0628/225013", "correlationVector":"H5ES8gNDk4V7u8aJI3GSrZ.142","action":"GetUpdates", "result":"DeleteReceived", "context":{"id":"2622b63f-7168-4cff-9ba2-e77d9a0010b5", "isDeleted:":"true", "version":"1687915069015"}}
{"logTime": "0628/225013", "correlationVector":"H5ES8gNDk4V7u8aJI3GSrZ.143","action":"GetUpdates", "result":"DeleteReceived", "context":{"id":"47b48c39-bc9f-4478-8137-5677b4f58d76", "isDeleted:":"true", "version":"1687915834351"}}
{"logTime": "0628/225013", "correlationVector":"H5ES8gNDk4V7u8aJI3GSrZ.144","action":"GetUpdates", "result":"DeleteReceived", "context":{"id":"b18f536f-91c4-4048-a542-8d53e6c01029", "isDeleted:":"true", "version":"1687924224174"}}
{"logTime": "0628/225013", "correlationVector":"H5ES8gNDk4V7u8aJI3GSrZ.145","action":"GetUpdates", "result":"DeleteReceived", "context":{"id":"e632fa06-7aec-406b-9727-c934a2a78a80", "isDeleted:":"true", "version":"1687924224175"}}
{"logTime": "0628/225013", "correlationVector":"H5ES8gNDk4V7u8aJI3GSrZ.146","action":"GetUpdates", "result":"DeleteReceived", "context":{"id":"c6fddeae-6646-41ad-a874-ab41d6257e83", "isDeleted:":"true", "version":"1687924224176"}}
{"logTime": "0628/225013", "correlationVector":"H5ES8gNDk4V7u8aJI3GSrZ.147","action":"GetUpdates", "result":"DeleteReceived", "context":{"id":"f7e009fb-8d91-4f32-ad6d-1b8032cab282", "isDeleted:":"true", "version":"1687924224179"}}
{"logTime": "0628/225013", "correlationVector":"H5ES8gNDk4V7u8aJI3GSrZ.148","action":"GetUpdates", "result":"DeleteReceived", "context":{"id":"b4e12bdf-8bdc-4a25-b92c-327fea2dbe5b", "isDeleted:":"true", "version":"1687924224180"}}
{"logTime": "0628/225013", "correlationVector":"H5ES8gNDk4V7u8aJI3GSrZ.149","action":"GetUpdates", "result":"DeleteReceived", "context":{"id":"a40b0302-e938-425c-868c-bad02a97902e", "isDeleted:":"true", "version":"1687929519201"}}
{"logTime": "0628/225013", "correlationVector":"H5ES8gNDk4V7u8aJI3GSrZ.150","action":"GetUpdates", "result":"DeleteReceived", "context":{"id":"18f46977-9a0c-45ee-9a34-4e34c997be4b", "isDeleted:":"true", "version":"1687931582701"}}
{"logTime": "0628/225013", "correlationVector":"H5ES8gNDk4V7u8aJI3GSrZ.151","action":"GetUpdates", "result":"DeleteReceived", "context":{"id":"9911a6db-97c8-4c7c-9010-a340dbc1ea63", "isDeleted:":"true", "version":"1687960745218"}}
{"logTime": "0628/225013", "correlationVector":"H5ES8gNDk4V7u8aJI3GSrZ.152","action":"GetUpdates", "result":"DeleteReceived", "context":{"id":"e58cf090-66b9-403d-a8ce-53dbbbf3284e", "isDeleted:":"true", "version":"1687982104596"}}
{"logTime": "0628/225013", "correlationVector":"H5ES8gNDk4V7u8aJI3GSrZ.153","action":"GetUpdates Response", "result":"SYNCER_OK", "context":Received 221 update(s). cV=H5ES8gNDk4V7u8aJI3GSrZ.0;server=general01000035;cloudType=Consumer;environment=Prod_EastUS2_000e;migrationStage=NotStarted}
{"logTime": "0628/225013", "correlationVector":"XexaMHNRa38AwnO34CgeYw","action":"Normal GetUpdate request", "result":"", "context":cV=XexaMHNRa38AwnO34CgeYw
Nudged types: Bookmarks, Sessions, Device Info, User Consents
Refresh requested types: Bookmarks, Preferences, Passwords, Autofill Profiles, Autofill, Autofill Custom Data, Typed URLs, Extensions, Sessions, Extension settings, History Delete Directives, Device Info, User Consents, Send Tab To Self, Web Apps, Collection, Edge E Drop, Encryption Keys}
{"logTime": "0628/225013", "correlationVector":"XexaMHNRa38AwnO34CgeYw.1","action":"SyncServerConnectionManagerRequest", "result":"SYNC_SERVER_OK", "context":{"environment":"Prod_EastUS2_000e", "migrationStage":"NotStarted", "server":"GENERAL0100001G"}}
{"logTime": "0628/225013", "correlationVector":"XexaMHNRa38AwnO34CgeYw.2","action":"GetUpdates Response", "result":"SYNCER_OK", "context":Received 0 update(s). cV=XexaMHNRa38AwnO34CgeYw.0;server=GENERAL0100001G;cloudType=Consumer;environment=Prod_EastUS2_000e;migrationStage=NotStarted}
{"logTime": "0628/225013", "correlationVector":"NLVPUCm7TJB4jqX/7jEQqH","action":"Commit Request", "result":"", "context":Item count: 1
Contributing types: Device Info}
{"logTime": "0628/225013", "correlationVector":"NLVPUCm7TJB4jqX/7jEQqH.1","action":"SyncServerConnectionManagerRequest", "result":"SYNC_SERVER_OK", "context":{"environment":"Prod_EastUS2_000e", "migrationStage":"NotStarted", "server":"GENERAL0100000O"}}
{"logTime": "0628/225013", "correlationVector":"NLVPUCm7TJB4jqX/7jEQqH.2","action":"Commit Response", "result":"SYNCER_OK", "context":Result: SYNCER_OK. cV=NLVPUCm7TJB4jqX/7jEQqH.0;server=GENERAL0100000O;cloudType=Consumer;environment=Prod_EastUS2_000e;migrationStage=NotStarted}
{"logTime": "0628/225013", "correlationVector":"pl2gbxLeow4UhUj6cgMHa2","action":"Commit Request", "result":"", "context":Item count: 20
Contributing types: Bookmarks, Autofill, Typed URLs, Sessions}
{"logTime": "0628/225014", "correlationVector":"pl2gbxLeow4UhUj6cgMHa2.1","action":"SyncServerConnectionManagerRequest", "result":"SYNC_SERVER_OK", "context":{"environment":"Prod_EastUS2_000e", "migrationStage":"NotStarted", "server":"GENERAL01000006"}}
{"logTime": "0628/225014", "correlationVector":"pl2gbxLeow4UhUj6cgMHa2.2","action":"Commit Response", "result":"SYNCER_OK", "context":Result: SYNCER_OK. cV=pl2gbxLeow4UhUj6cgMHa2.0;server=GENERAL01000006;cloudType=Consumer;environment=Prod_EastUS2_000e;migrationStage=NotStarted}
{"logTime": "0628/225014", "correlationVector":"r1KEs0Tyci2/j+hpbHe6LC","action":"Commit Request", "result":"", "context":Item count: 3
Contributing types: Sessions, User Consents}
{"logTime": "0628/225014", "correlationVector":"r1KEs0Tyci2/j+hpbHe6LC.1","action":"SyncServerConnectionManagerRequest", "result":"SYNC_SERVER_OK", "context":{"environment":"Prod_EastUS2_000e", "migrationStage":"NotStarted", "server":"GENERAL0100000F"}}
{"logTime": "0628/225014", "correlationVector":"r1KEs0Tyci2/j+hpbHe6LC.2","action":"Commit Response", "result":"SYNCER_OK", "context":Result: SYNCER_OK. cV=r1KEs0Tyci2/j+hpbHe6LC.0;server=GENERAL0100000F;cloudType=Consumer;environment=Prod_EastUS2_000e;migrationStage=NotStarted}
{"logTime": "0628/225020", "correlationVector":"gnKIVCCcDgEr3izM7IS35Z","action":"Normal GetUpdate request", "result":"", "context":cV=gnKIVCCcDgEr3izM7IS35Z
Notified types: Autofill Profiles}
{"logTime": "0628/225020", "correlationVector":"gnKIVCCcDgEr3izM7IS35Z.1","action":"SyncServerConnectionManagerRequest", "result":"SYNC_SERVER_OK", "context":{"environment":"Prod_EastUS2_000e", "migrationStage":"NotStarted", "server":"GENERAL0100000A"}}
{"logTime": "0628/225020", "correlationVector":"gnKIVCCcDgEr3izM7IS35Z.2","action":"GetUpdates Response", "result":"SYNCER_OK", "context":Received 23 update(s). cV=gnKIVCCcDgEr3izM7IS35Z.0;server=GENERAL0100000A;cloudType=Consumer;environment=Prod_EastUS2_000e;migrationStage=NotStarted}
{"logTime": "0628/225252", "correlationVector":"P3xApqwboxVPCWESaJ4822","action":"Commit Request", "result":"", "context":Item count: 1
Contributing types: Sessions}
{"logTime": "0628/225252", "correlationVector":"P3xApqwboxVPCWESaJ4822.1","action":"SyncServerConnectionManagerRequest", "result":"SYNC_SERVER_OK", "context":{"environment":"Prod_EastUS2_000e", "migrationStage":"NotStarted", "server":"GENERAL0100002W"}}
{"logTime": "0628/225252", "correlationVector":"P3xApqwboxVPCWESaJ4822.2","action":"Commit Response", "result":"SYNCER_OK", "context":Result: SYNCER_OK. cV=P3xApqwboxVPCWESaJ4822.0;server=GENERAL0100002W;cloudType=Consumer;environment=Prod_EastUS2_000e;migrationStage=NotStarted}
{"logTime": "0628/225323", "correlationVector":"jvZvbVSuRPwhedW3Q3lbCf","action":"Commit Request", "result":"", "context":Item count: 1
Contributing types: Sessions}
{"logTime": "0628/225325", "correlationVector":"jvZvbVSuRPwhedW3Q3lbCf.1","action":"SyncServerConnectionManagerRequest", "result":"SYNC_SERVER_OK", "context":{"environment":"Prod_EastUS2_000e", "migrationStage":"NotStarted", "server":"GENERAL0100001R"}}
{"logTime": "0628/225326", "correlationVector":"jvZvbVSuRPwhedW3Q3lbCf.2","action":"Commit Response", "result":"SYNCER_OK", "context":Result: SYNCER_OK. cV=jvZvbVSuRPwhedW3Q3lbCf.0;server=GENERAL0100001R;cloudType=Consumer;environment=Prod_EastUS2_000e;migrationStage=NotStarted}
{"logTime": "0628/225441", "correlationVector":"Wi8mM48+5YwdN+SJhqfsOD","action":"Commit Request", "result":"", "context":Item count: 1
Contributing types: Sessions}
{"logTime": "0628/225444", "correlationVector":"Wi8mM48+5YwdN+SJhqfsOD.1","action":"SyncServerConnectionManagerRequest", "result":"SYNC_SERVER_OK", "context":{"environment":"Prod_EastUS2_000e", "migrationStage":"NotStarted", "server":"GENERAL0100002L"}}
{"logTime": "0628/225444", "correlationVector":"Wi8mM48+5YwdN+SJhqfsOD.2","action":"Commit Response", "result":"SYNCER_OK", "context":Result: SYNCER_OK. cV=Wi8mM48+5YwdN+SJhqfsOD.0;server=GENERAL0100002L;cloudType=Consumer;environment=Prod_EastUS2_000e;migrationStage=NotStarted}
{"logTime": "0628/225638", "correlationVector":"sOZao6h/l39z07FJRr4FeJ","action":"Commit Request", "result":"", "context":Item count: 1
Contributing types: Sessions}
{"logTime": "0628/225638", "correlationVector":"sOZao6h/l39z07FJRr4FeJ.1","action":"SyncServerConnectionManagerRequest", "result":"SYNC_SERVER_OK", "context":{"environment":"Prod_EastUS2_000e", "migrationStage":"NotStarted", "server":"general0100002U"}}
{"logTime": "0628/225638", "correlationVector":"sOZao6h/l39z07FJRr4FeJ.2","action":"Commit Response", "result":"SYNCER_OK", "context":Result: SYNCER_OK. cV=sOZao6h/l39z07FJRr4FeJ.0;server=general0100002U;cloudType=Consumer;environment=Prod_EastUS2_000e;migrationStage=NotStarted}
{"logTime": "0628/225723", "correlationVector":"oh8MdsgEXhVKFg4FdJErDv","action":"Normal GetUpdate request", "result":"", "context":cV=oh8MdsgEXhVKFg4FdJErDv
Notified types: Typed URLs}
{"logTime": "0628/225724", "correlationVector":"oh8MdsgEXhVKFg4FdJErDv.1","action":"SyncServerConnectionManagerRequest", "result":"SYNC_SERVER_OK", "context":{"environment":"Prod_EastUS2_000e", "migrationStage":"NotStarted", "server":"general0100000E"}}
{"logTime": "0628/225724", "correlationVector":"oh8MdsgEXhVKFg4FdJErDv.2","action":"GetUpdates", "result":"DeleteReceived", "context":{"id":"c53f9ffe-559e-410f-ae5c-f9cbbb102b5c", "isDeleted:":"true", "version":"1687992804555"}}
{"logTime": "0628/225724", "correlationVector":"oh8MdsgEXhVKFg4FdJErDv.3","action":"GetUpdates", "result":"DeleteReceived", "context":{"id":"378bd4ee-4f48-44d1-8703-0e62e6c8da84", "isDeleted:":"true", "version":"1687992837577"}}
{"logTime": "0628/225724", "correlationVector":"oh8MdsgEXhVKFg4FdJErDv.4","action":"GetUpdates", "result":"DeleteReceived", "context":{"id":"bd90a810-5a89-4c9a-a326-277c3d9dd681", "isDeleted:":"true", "version":"1687992927749"}}
{"logTime": "0628/225724", "correlationVector":"oh8MdsgEXhVKFg4FdJErDv.5","action":"GetUpdates Response", "result":"SYNCER_OK", "context":Received 14 update(s). cV=oh8MdsgEXhVKFg4FdJErDv.0;server=general0100000E;cloudType=Consumer;environment=Prod_EastUS2_000e;migrationStage=NotStarted}
{"logTime": "0628/230343", "correlationVector":"keWQOH2ik5WN8+bAfrAH9A.0","action":"FeedSettingFetch_homeCloud", "result":"0", "context":{}}
{"logTime": "0628/230343", "correlationVector":"D9dlb27z3SEOikkK6iiX0R.1","action":"SyncServerConnectionManagerRequest", "result":"SYNC_SERVER_OK", "context":{"environment":"Prod_EastUS2_000e", "migrationStage":"NotStarted", "server":"GENERAL0100002I"}}
{"logTime": "0628/230343", "correlationVector":"D9dlb27z3SEOikkK6iiX0R","action":"Initial GetUpdates", "result":"", "context":Reason: NEW_CLIENT. cV=D9dlb27z3SEOikkK6iiX0R}
{"logTime": "0628/230343", "correlationVector":"D9dlb27z3SEOikkK6iiX0R.2","action":"GetUpdates Response", "result":"SYNCER_OK", "context":Received 1 update(s). cV=D9dlb27z3SEOikkK6iiX0R.0;server=GENERAL0100002I;cloudType=Consumer;environment=Prod_EastUS2_000e;migrationStage=NotStarted}
{"logTime": "0628/230343", "correlationVector":"1vV3jg4pmj8WspvCgfqcyo","action":"SyncServerConnectionManagerRequest", "result":"SYNC_SERVER_OK", "context":{"environment":"", "migrationStage":"", "server":""}}
{"logTime": "0628/230343", "correlationVector":"NxrpD7lUFOAJaHi3BED2Oz","action":"Normal GetUpdate request", "result":"", "context":cV=NxrpD7lUFOAJaHi3BED2Oz
Nudged types: Sessions, User Consents
Refresh requested types: Bookmarks, Preferences, Autofill Custom Data, Typed URLs, Extensions, Sessions, Extension settings, History Delete Directives, Device Info, User Consents, Send Tab To Self, Web Apps, Collection, Edge E Drop, Encryption Keys}
{"logTime": "0628/230343", "correlationVector":"NxrpD7lUFOAJaHi3BED2Oz.1","action":"SyncServerConnectionManagerRequest", "result":"SYNC_SERVER_OK", "context":{"environment":"Prod_EastUS2_000e", "migrationStage":"NotStarted", "server":"GENERAL0100002J"}}
{"logTime": "0628/230343", "correlationVector":"NxrpD7lUFOAJaHi3BED2Oz.2","action":"GetUpdates", "result":"DeleteReceived", "context":{"id":"80a896b9-48cc-4be2-a359-47dbd433ccd8", "isDeleted:":"true", "version":"1687993313346"}}
{"logTime": "0628/230343", "correlationVector":"NxrpD7lUFOAJaHi3BED2Oz.3","action":"GetUpdates", "result":"DeleteReceived", "context":{"id":"5bcebe12-66b6-4acf-86be-8f2b69902ad8", "isDeleted:":"true", "version":"1687993313347"}}
{"logTime": "0628/230343", "correlationVector":"NxrpD7lUFOAJaHi3BED2Oz.4","action":"GetUpdates", "result":"DeleteReceived", "context":{"id":"d5e8f967-445b-4b1e-a5ac-1245a69838cc", "isDeleted:":"true", "version":"1687993313351"}}
{"logTime": "0628/230343", "correlationVector":"NxrpD7lUFOAJaHi3BED2Oz.5","action":"GetUpdates Response", "result":"SYNCER_OK", "context":Received 8 update(s). cV=NxrpD7lUFOAJaHi3BED2Oz.0;server=GENERAL0100002J;cloudType=Consumer;environment=Prod_EastUS2_000e;migrationStage=NotStarted}
{"logTime": "0628/230343", "correlationVector":"QSuRONDUUkC/+0z9V5RijH","action":"Commit Request", "result":"", "context":Item count: 4
Contributing types: Sessions, User Consents}
{"logTime": "0628/230343", "correlationVector":"QSuRONDUUkC/+0z9V5RijH.1","action":"SyncServerConnectionManagerRequest", "result":"SYNC_SERVER_OK", "context":{"environment":"Prod_EastUS2_000e", "migrationStage":"NotStarted", "server":"GENERAL0100002T"}}
{"logTime": "0628/230343", "correlationVector":"QSuRONDUUkC/+0z9V5RijH.3","action":"Commit.Sessions", "result":"Success", "context":{"id":"3235f28e-ceb4-4655-8768-54ca18075add", "isDeleted":"true", "size":"0", "version":"1687993000579"}}
{"logTime": "0628/230343", "correlationVector":"QSuRONDUUkC/+0z9V5RijH.2","action":"Commit Response", "result":"SYNCER_OK", "context":Result: SYNCER_OK. cV=QSuRONDUUkC/+0z9V5RijH.0;server=GENERAL0100002T;cloudType=Consumer;environment=Prod_EastUS2_000e;migrationStage=NotStarted}
{"logTime": "0628/230343", "correlationVector":"KNgw1lacxAhqsS81+4lRzV","action":"Initial GetUpdates", "result":"", "context":Reason: NEWLY_SUPPORTED_DATATYPE. cV=KNgw1lacxAhqsS81+4lRzV}
{"logTime": "0628/230343", "correlationVector":"KNgw1lacxAhqsS81+4lRzV.1","action":"SyncServerConnectionManagerRequest", "result":"SYNC_SERVER_OK", "context":{"environment":"Prod_EastUS2_000e", "migrationStage":"NotStarted", "server":"GENERAL0100002O"}}
{"logTime": "0628/230343", "correlationVector":"KNgw1lacxAhqsS81+4lRzV.2","action":"GetUpdates", "result":"DeleteReceived", "context":{"id":"52e287ac-964e-42ce-992d-5459236bbbcf", "isDeleted:":"true", "version":"1678897684015"}}
{"logTime": "0628/230343", "correlationVector":"KNgw1lacxAhqsS81+4lRzV.3","action":"GetUpdates", "result":"DeleteReceived", "context":{"id":"03ad6ca8-e430-4c7b-b906-350745c8d04f", "isDeleted:":"true", "version":"1679669122763"}}
{"logTime": "0628/230343", "correlationVector":"KNgw1lacxAhqsS81+4lRzV.4","action":"GetUpdates", "result":"DeleteReceived", "context":{"id":"86d2fab2-cfd2-4414-b16c-e7342d1f7312", "isDeleted:":"true", "version":"1679669123317"}}
{"logTime": "0628/230343", "correlationVector":"KNgw1lacxAhqsS81+4lRzV.5","action":"GetUpdates", "result":"DeleteReceived", "context":{"id":"c22a4206-d398-41aa-bdc3-e0c5703dcf89", "isDeleted:":"true", "version":"1679669124065"}}
{"logTime": "0628/230343", "correlationVector":"KNgw1lacxAhqsS81+4lRzV.6","action":"GetUpdates", "result":"DeleteReceived", "context":{"id":"a844814a-2a63-489d-a399-87295a0086b7", "isDeleted:":"true", "version":"1679669124681"}}
{"logTime": "0628/230343", "correlationVector":"KNgw1lacxAhqsS81+4lRzV.7","action":"GetUpdates", "result":"DeleteReceived", "context":{"id":"57a6ca80-e9cc-462e-93ed-6e0bce576127", "isDeleted:":"true", "version":"1679669125133"}}
{"logTime": "0628/230343", "correlationVector":"KNgw1lacxAhqsS81+4lRzV.8","action":"GetUpdates", "result":"DeleteReceived", "context":{"id":"fef17a75-1038-44e0-8a0c-246641e067e0", "isDeleted:":"true", "version":"1679669126073"}}
{"logTime": "0628/230343", "correlationVector":"KNgw1lacxAhqsS81+4lRzV.9","action":"GetUpdates", "result":"DeleteReceived", "context":{"id":"85543514-56c4-4bdd-a730-ae532ae998a1", "isDeleted:":"true", "version":"1679669126518"}}
{"logTime": "0628/230343", "correlationVector":"KNgw1lacxAhqsS81+4lRzV.10","action":"GetUpdates", "result":"DeleteReceived", "context":{"id":"771531ce-9275-4844-908e-39941dce8d72", "isDeleted:":"true", "version":"1679669127112"}}
{"logTime": "0628/230343", "correlationVector":"KNgw1lacxAhqsS81+4lRzV.11","action":"GetUpdates", "result":"DeleteReceived", "context":{"id":"227ea035-563a-4923-be2f-f2d8e8314132", "isDeleted:":"true", "version":"1679669129052"}}
{"logTime": "0628/230343", "correlationVector":"KNgw1lacxAhqsS81+4lRzV.12","action":"GetUpdates", "result":"DeleteReceived", "context":{"id":"e7d735f9-7cfe-49ae-bdb2-1f8c772e6213", "isDeleted:":"true", "version":"1679669130007"}}
{"logTime": "0628/230343", "correlationVector":"KNgw1lacxAhqsS81+4lRzV.13","action":"GetUpdates", "result":"DeleteReceived", "context":{"id":"d36557a5-eb21-4f74-ae30-cb18c3c85691", "isDeleted:":"true", "version":"1679669130490"}}
{"logTime": "0628/230344", "correlationVector":"KNgw1lacxAhqsS81+4lRzV.14","action":"GetUpdates", "result":"DeleteReceived", "context":{"id":"8c8abe14-c2c9-4346-9d05-72f4fa0c2192", "isDeleted:":"true", "version":"1679669131351"}}
{"logTime": "0628/230344", "correlationVector":"KNgw1lacxAhqsS81+4lRzV.15","action":"GetUpdates", "result":"DeleteReceived", "context":{"id":"f2c4e92e-1f84-4f33-96be-27756e2068f4", "isDeleted:":"true", "version":"1679669132870"}}
{"logTime": "0628/230344", "correlationVector":"KNgw1lacxAhqsS81+4lRzV.16","action":"GetUpdates", "result":"DeleteReceived", "context":{"id":"ba29ea2b-0d5a-4600-8953-b4979723b220", "isDeleted:":"true", "version":"1679669133328"}}
{"logTime": "0628/230344", "correlationVector":"KNgw1lacxAhqsS81+4lRzV.17","action":"GetUpdates", "result":"DeleteReceived", "context":{"id":"eb8dc294-e15e-420b-b5fc-b1ec8b7bfd4d", "isDeleted:":"true", "version":"1679669133809"}}
{"logTime": "0628/230344", "correlationVector":"KNgw1lacxAhqsS81+4lRzV.18","action":"GetUpdates", "result":"DeleteReceived", "context":{"id":"ee096c3c-ad45-48cc-8511-0923b1aae257", "isDeleted:":"true", "version":"1679669135921"}}
{"logTime": "0628/230344", "correlationVector":"KNgw1lacxAhqsS81+4lRzV.19","action":"GetUpdates", "result":"DeleteReceived", "context":{"id":"5973d3a9-13b5-4498-a700-1e9d14fe6bcf", "isDeleted:":"true", "version":"1679669137812"}}
{"logTime": "0628/230344", "correlationVector":"KNgw1lacxAhqsS81+4lRzV.20","action":"GetUpdates", "result":"DeleteReceived", "context":{"id":"649170a1-7efa-479b-a1d9-3a5ba468c004", "isDeleted:":"true", "version":"1679669138651"}}
{"logTime": "0628/230344", "correlationVector":"KNgw1lacxAhqsS81+4lRzV.21","action":"GetUpdates", "result":"DeleteReceived", "context":{"id":"20ea4abc-10c0-42b2-b3d6-e87093436a35", "isDeleted:":"true", "version":"1679669139646"}}
{"logTime": "0628/230344", "correlationVector":"KNgw1lacxAhqsS81+4lRzV.22","action":"GetUpdates", "result":"DeleteReceived", "context":{"id":"9ef7c865-dfe3-488c-af88-60314fd140cc", "isDeleted:":"true", "version":"1679669140328"}}
{"logTime": "0628/230344", "correlationVector":"KNgw1lacxAhqsS81+4lRzV.23","action":"GetUpdates", "result":"DeleteReceived", "context":{"id":"fb0a9737-0565-4679-ad72-0412eded2347", "isDeleted:":"true", "version":"1679669141021"}}
{"logTime": "0628/230344", "correlationVector":"KNgw1lacxAhqsS81+4lRzV.24","action":"GetUpdates", "result":"DeleteReceived", "context":{"id":"9a99fe9c-acea-4e23-a6f3-279252588603", "isDeleted:":"true", "version":"1679669142319"}}
{"logTime": "0628/230344", "correlationVector":"KNgw1lacxAhqsS81+4lRzV.25","action":"GetUpdates", "result":"DeleteReceived", "context":{"id":"06652d19-b451-4276-9a6a-cd1e79baf706", "isDeleted:":"true", "version":"1679669142905"}}
{"logTime": "0628/230344", "correlationVector":"KNgw1lacxAhqsS81+4lRzV.26","action":"GetUpdates", "result":"DeleteReceived", "context":{"id":"b6aee52a-b105-4f83-87c2-8616459055d2", "isDeleted:":"true", "version":"1679669143413"}}
{"logTime": "0628/230344", "correlationVector":"KNgw1lacxAhqsS81+4lRzV.27","action":"GetUpdates", "result":"DeleteReceived", "context":{"id":"ff2508aa-1bca-491a-b8d4-8ce850fa3952", "isDeleted:":"true", "version":"1679669143916"}}
{"logTime": "0628/230344", "correlationVector":"KNgw1lacxAhqsS81+4lRzV.28","action":"GetUpdates", "result":"DeleteReceived", "context":{"id":"a3706adc-cd8e-4ac6-a1d4-489dc3948514", "isDeleted:":"true", "version":"1679669144384"}}
{"logTime": "0628/230344", "correlationVector":"KNgw1lacxAhqsS81+4lRzV.29","action":"GetUpdates", "result":"DeleteReceived", "context":{"id":"759cbe39-5b41-4642-ac19-f66e871f2e25", "isDeleted:":"true", "version":"1679669144842"}}
{"logTime": "0628/230344", "correlationVector":"KNgw1lacxAhqsS81+4lRzV.30","action":"GetUpdates", "result":"DeleteReceived", "context":{"id":"cad0522d-6f76-4449-b012-2dea2bf6fb72", "isDeleted:":"true", "version":"1679669145753"}}
{"logTime": "0628/230344", "correlationVector":"KNgw1lacxAhqsS81+4lRzV.31","action":"GetUpdates", "result":"DeleteReceived", "context":{"id":"64f6665a-c376-471a-afcc-0c2c21cd3529", "isDeleted:":"true", "version":"1679669146458"}}
{"logTime": "0628/230344", "correlationVector":"KNgw1lacxAhqsS81+4lRzV.32","action":"GetUpdates", "result":"DeleteReceived", "context":{"id":"7903b980-3b81-4fbd-a6ef-c0a64004a272", "isDeleted:":"true", "version":"1679669146968"}}
{"logTime": "0628/230344", "correlationVector":"KNgw1lacxAhqsS81+4lRzV.33","action":"GetUpdates", "result":"DeleteReceived", "context":{"id":"58ba05d3-b9f7-4b05-9b32-3477c385d89e", "isDeleted:":"true", "version":"1679669147462"}}
{"logTime": "0628/230344", "correlationVector":"KNgw1lacxAhqsS81+4lRzV.34","action":"GetUpdates", "result":"DeleteReceived", "context":{"id":"9d79e23c-d7a2-4156-ae51-aa5e65f7c219", "isDeleted:":"true", "version":"1679669148001"}}
{"logTime": "0628/230344", "correlationVector":"KNgw1lacxAhqsS81+4lRzV.35","action":"GetUpdates", "result":"DeleteReceived", "context":{"id":"f08fe0b6-111f-4970-9d6d-99c8eef8676c", "isDeleted:":"true", "version":"1679669149207"}}
{"logTime": "0628/230344", "correlationVector":"KNgw1lacxAhqsS81+4lRzV.36","action":"GetUpdates", "result":"DeleteReceived", "context":{"id":"6239ce82-7a7f-4334-9530-8448fe074a65", "isDeleted:":"true", "version":"1679669159725"}}
{"logTime": "0628/230344", "correlationVector":"KNgw1lacxAhqsS81+4lRzV.37","action":"GetUpdates", "result":"DeleteReceived", "context":{"id":"eb653913-55df-4547-a2ea-614658a0dca4", "isDeleted:":"true", "version":"1679669160379"}}
{"logTime": "0628/230344", "correlationVector":"KNgw1lacxAhqsS81+4lRzV.38","action":"GetUpdates", "result":"DeleteReceived", "context":{"id":"fe0d08aa-f25b-4a1a-8e0b-be4e0b392bc2", "isDeleted:":"true", "version":"1679669160856"}}
{"logTime": "0628/230344", "correlationVector":"KNgw1lacxAhqsS81+4lRzV.39","action":"GetUpdates", "result":"DeleteReceived", "context":{"id":"49a8fa4d-3269-4f7e-99f5-ac426072bf5b", "isDeleted:":"true", "version":"1679669161328"}}
{"logTime": "0628/230344", "correlationVector":"KNgw1lacxAhqsS81+4lRzV.40","action":"GetUpdates", "result":"DeleteReceived", "context":{"id":"52a46050-7b63-4f0e-9324-05d22052dad6", "isDeleted:":"true", "version":"1679669162662"}}
{"logTime": "0628/230344", "correlationVector":"KNgw1lacxAhqsS81+4lRzV.41","action":"GetUpdates", "result":"DeleteReceived", "context":{"id":"124a1143-669e-4e3a-ba6e-d2b8d7bbdb37", "isDeleted:":"true", "version":"1679669164225"}}
{"logTime": "0628/230344", "correlationVector":"KNgw1lacxAhqsS81+4lRzV.42","action":"GetUpdates", "result":"DeleteReceived", "context":{"id":"134b4d81-2657-4526-af31-576ece3704ce", "isDeleted:":"true", "version":"1679669168728"}}
{"logTime": "0628/230344", "correlationVector":"KNgw1lacxAhqsS81+4lRzV.43","action":"GetUpdates", "result":"DeleteReceived", "context":{"id":"c9120934-3cb2-4d87-9468-2b05815f9e80", "isDeleted:":"true", "version":"1679669169259"}}
{"logTime": "0628/230344", "correlationVector":"KNgw1lacxAhqsS81+4lRzV.44","action":"GetUpdates", "result":"DeleteReceived", "context":{"id":"e527096a-37db-4f1a-8b6d-91a66e89ff4d", "isDeleted:":"true", "version":"1679669169772"}}
{"logTime": "0628/230344", "correlationVector":"KNgw1lacxAhqsS81+4lRzV.45","action":"GetUpdates", "result":"DeleteReceived", "context":{"id":"4088d889-fcc8-4af1-86e4-ae5d866fbaa9", "isDeleted:":"true", "version":"1679669170337"}}
{"logTime": "0628/230344", "correlationVector":"KNgw1lacxAhqsS81+4lRzV.46","action":"GetUpdates", "result":"DeleteReceived", "context":{"id":"a97052b9-f0a8-40de-9f99-c21101959d2c", "isDeleted:":"true", "version":"1679669170798"}}
{"logTime": "0628/230344", "correlationVector":"KNgw1lacxAhqsS81+4lRzV.47","action":"GetUpdates", "result":"DeleteReceived", "context":{"id":"d2e1022e-80bf-4117-8228-ff180ed5e29c", "isDeleted:":"true", "version":"1679669180996"}}
{"logTime": "0628/230344", "correlationVector":"KNgw1lacxAhqsS81+4lRzV.48","action":"GetUpdates", "result":"DeleteReceived", "context":{"id":"e9754953-3246-400d-acd9-10ea96b304cb", "isDeleted:":"true", "version":"1679669245849"}}
{"logTime": "0628/230344", "correlationVector":"KNgw1lacxAhqsS81+4lRzV.49","action":"GetUpdates", "result":"DeleteReceived", "context":{"id":"68d0e96d-b55c-47bd-a812-d2364d75c9c3", "isDeleted:":"true", "version":"1679669246309"}}
{"logTime": "0628/230344", "correlationVector":"KNgw1lacxAhqsS81+4lRzV.50","action":"GetUpdates", "result":"DeleteReceived", "context":{"id":"fcd2c317-d148-48a0-9786-787c118f1e72", "isDeleted:":"true", "version":"1679669246804"}}
{"logTime": "0628/230344", "correlationVector":"KNgw1lacxAhqsS81+4lRzV.51","action":"GetUpdates", "result":"DeleteReceived", "context":{"id":"3684e153-30a5-4269-91ca-3fc3c38e24f0", "isDeleted:":"true", "version":"1679669247242"}}
{"logTime": "0628/230344", "correlationVector":"KNgw1lacxAhqsS81+4lRzV.52","action":"GetUpdates", "result":"DeleteReceived", "context":{"id":"29396883-3539-4606-a360-c836d5fe16b3", "isDeleted:":"true", "version":"1679669247674"}}
{"logTime": "0628/230344", "correlationVector":"KNgw1lacxAhqsS81+4lRzV.53","action":"GetUpdates", "result":"DeleteReceived", "context":{"id":"81bebd15-142e-4c31-8f00-1e0c2dac0428", "isDeleted:":"true", "version":"1679669256219"}}
{"logTime": "0628/230344", "correlationVector":"KNgw1lacxAhqsS81+4lRzV.54","action":"GetUpdates", "result":"DeleteReceived", "context":{"id":"b8802f98-797d-4db8-a375-451633453133", "isDeleted:":"true", "version":"1684940094240"}}
{"logTime": "0628/230344", "correlationVector":"KNgw1lacxAhqsS81+4lRzV.55","action":"GetUpdates", "result":"DeleteReceived", "context":{"id":"a3ffd7a5-d073-44c1-a914-b1f33261c694", "isDeleted:":"true", "version":"1684940095651"}}
{"logTime": "0628/230344", "correlationVector":"KNgw1lacxAhqsS81+4lRzV.56","action":"GetUpdates", "result":"DeleteReceived", "context":{"id":"d93246e3-3945-4e05-8e84-ea79de14d792", "isDeleted:":"true", "version":"1684940096132"}}
{"logTime": "0628/230344", "correlationVector":"KNgw1lacxAhqsS81+4lRzV.57","action":"GetUpdates", "result":"DeleteReceived", "context":{"id":"f18cca92-2a67-4555-9263-79642b586347", "isDeleted:":"true", "version":"1684940096917"}}
{"logTime": "0628/230344", "correlationVector":"KNgw1lacxAhqsS81+4lRzV.58","action":"GetUpdates", "result":"DeleteReceived", "context":{"id":"224598fa-a160-4d55-9f63-554d333b1e17", "isDeleted:":"true", "version":"1684940097744"}}
{"logTime": "0628/230344", "correlationVector":"KNgw1lacxAhqsS81+4lRzV.59","action":"GetUpdates", "result":"DeleteReceived", "context":{"id":"098ee2a4-26a8-4ab9-bd3d-c1815893be30", "isDeleted:":"true", "version":"1684940098259"}}
{"logTime": "0628/230344", "correlationVector":"KNgw1lacxAhqsS81+4lRzV.60","action":"GetUpdates", "result":"DeleteReceived", "context":{"id":"267e9870-fae4-4ac3-bc12-4550caae253d", "isDeleted:":"true", "version":"1684940105350"}}
{"logTime": "0628/230344", "correlationVector":"KNgw1lacxAhqsS81+4lRzV.61","action":"GetUpdates", "result":"DeleteReceived", "context":{"id":"808338a4-9616-45db-881c-73eebcec78a5", "isDeleted:":"true", "version":"1686568303811"}}
{"logTime": "0628/230344", "correlationVector":"KNgw1lacxAhqsS81+4lRzV.62","action":"GetUpdates", "result":"DeleteReceived", "context":{"id":"7dd00862-1d7e-4568-9cdc-be446923c148", "isDeleted:":"true", "version":"1686568304358"}}
{"logTime": "0628/230344", "correlationVector":"KNgw1lacxAhqsS81+4lRzV.63","action":"GetUpdates", "result":"DeleteReceived", "context":{"id":"5bfcd355-7cab-44cf-9490-c9db13f67afd", "isDeleted:":"true", "version":"1686568317474"}}
{"logTime": "0628/230344", "correlationVector":"KNgw1lacxAhqsS81+4lRzV.64","action":"GetUpdates", "result":"DeleteReceived", "context":{"id":"c6f81445-ba33-4e03-bf16-fc31140cf706", "isDeleted:":"true", "version":"1686568318035"}}
{"logTime": "0628/230344", "correlationVector":"KNgw1lacxAhqsS81+4lRzV.65","action":"GetUpdates", "result":"DeleteReceived", "context":{"id":"288ac7ae-c710-4cc4-a291-2c9ba4c56b62", "isDeleted:":"true", "version":"1686568320010"}}
{"logTime": "0628/230344", "correlationVector":"KNgw1lacxAhqsS81+4lRzV.66","action":"GetUpdates", "result":"DeleteReceived", "context":{"id":"b7264c96-8e8c-45ff-9ae3-a8916a059faa", "isDeleted:":"true", "version":"1686568320493"}}
{"logTime": "0628/230344", "correlationVector":"KNgw1lacxAhqsS81+4lRzV.67","action":"GetUpdates", "result":"DeleteReceived", "context":{"id":"23acfd61-9eb0-4a46-b1a3-9825074c1fe0", "isDeleted:":"true", "version":"1686568324002"}}
{"logTime": "0628/230344", "correlationVector":"KNgw1lacxAhqsS81+4lRzV.68","action":"GetUpdates", "result":"DeleteReceived", "context":{"id":"e723b7d2-8aa3-4d09-8526-903a6784b0e7", "isDeleted:":"true", "version":"1686568325224"}}
{"logTime": "0628/230344", "correlationVector":"KNgw1lacxAhqsS81+4lRzV.69","action":"GetUpdates", "result":"DeleteReceived", "context":{"id":"d86ba9b1-c607-4514-ae64-6dad2e04a52d", "isDeleted:":"true", "version":"1686568325690"}}
{"logTime": "0628/230344", "correlationVector":"KNgw1lacxAhqsS81+4lRzV.70","action":"GetUpdates", "result":"DeleteReceived", "context":{"id":"4ea3f480-e3d9-464a-a0bf-8784d795d77e", "isDeleted:":"true", "version":"1686568326225"}}
{"logTime": "0628/230344", "correlationVector":"KNgw1lacxAhqsS81+4lRzV.71","action":"GetUpdates", "result":"DeleteReceived", "context":{"id":"d820aef6-46ed-42ff-9f6d-ea5c5fdf5940", "isDeleted:":"true", "version":"1686568326679"}}
{"logTime": "0628/230344", "correlationVector":"KNgw1lacxAhqsS81+4lRzV.72","action":"GetUpdates", "result":"DeleteReceived", "context":{"id":"7c123a91-2d4a-4a9a-a366-3c0730daf565", "isDeleted:":"true", "version":"1686568327145"}}
{"logTime": "0628/230344", "correlationVector":"KNgw1lacxAhqsS81+4lRzV.73","action":"GetUpdates", "result":"DeleteReceived", "context":{"id":"de09f8b0-012d-48ef-b690-17896ba7f9b2", "isDeleted:":"true", "version":"1686568327658"}}
{"logTime": "0628/230344", "correlationVector":"KNgw1lacxAhqsS81+4lRzV.74","action":"GetUpdates", "result":"DeleteReceived", "context":{"id":"778b3443-cb29-4b48-83f4-3b7c9e0e0844", "isDeleted:":"true", "version":"1686568328125"}}
{"logTime": "0628/230344", "correlationVector":"KNgw1lacxAhqsS81+4lRzV.75","action":"GetUpdates", "result":"DeleteReceived", "context":{"id":"457d87fa-d4b9-4174-afea-55148a4fec77", "isDeleted:":"true", "version":"1686568329125"}}
{"logTime": "0628/230344", "correlationVector":"KNgw1lacxAhqsS81+4lRzV.76","action":"GetUpdates", "result":"DeleteReceived", "context":{"id":"19f69244-39e3-46d0-94fa-4351a0210037", "isDeleted:":"true", "version":"1686568329662"}}
{"logTime": "0628/230344", "correlationVector":"KNgw1lacxAhqsS81+4lRzV.77","action":"GetUpdates", "result":"DeleteReceived", "context":{"id":"02bc6f91-b0d5-4e74-aaf2-7565f6e6df80", "isDeleted:":"true", "version":"1686568330812"}}
{"logTime": "0628/230344", "correlationVector":"KNgw1lacxAhqsS81+4lRzV.78","action":"GetUpdates", "result":"DeleteReceived", "context":{"id":"d40bcc01-1306-4910-adbd-e1e49470ae2f", "isDeleted:":"true", "version":"1686568331261"}}
{"logTime": "0628/230344", "correlationVector":"KNgw1lacxAhqsS81+4lRzV.79","action":"GetUpdates", "result":"DeleteReceived", "context":{"id":"86bafc7f-0b41-4516-b8f2-22b633ac31da", "isDeleted:":"true", "version":"1686568332325"}}
{"logTime": "0628/230344", "correlationVector":"KNgw1lacxAhqsS81+4lRzV.80","action":"GetUpdates", "result":"DeleteReceived", "context":{"id":"0ace6324-b0c6-40c1-b313-b939f1013383", "isDeleted:":"true", "version":"1686568339944"}}
{"logTime": "0628/230344", "correlationVector":"KNgw1lacxAhqsS81+4lRzV.81","action":"GetUpdates", "result":"DeleteReceived", "context":{"id":"0934c2f0-2616-464c-a84e-e57433d7c05b", "isDeleted:":"true", "version":"1687392932980"}}
{"logTime": "0628/230344", "correlationVector":"KNgw1lacxAhqsS81+4lRzV.82","action":"GetUpdates Response", "result":"SYNCER_OK", "context":Received 175 update(s). cV=KNgw1lacxAhqsS81+4lRzV.0;server=GENERAL0100002O;cloudType=Consumer;environment=Prod_EastUS2_000e;migrationStage=NotStarted}
{"logTime": "0628/230344", "correlationVector":"Uv0ENlqQCxPjArOri9Gc1y","action":"Normal GetUpdate request", "result":"", "context":cV=Uv0ENlqQCxPjArOri9Gc1y
Nudged types: Sessions
Refresh requested types: Bookmarks, Preferences, Passwords, Autofill Profiles, Autofill, Autofill Custom Data, Typed URLs, Extensions, Sessions, Extension settings, History Delete Directives, Device Info, User Consents, Send Tab To Self, Web Apps, Collection, Edge E Drop, Encryption Keys}
{"logTime": "0628/230344", "correlationVector":"Uv0ENlqQCxPjArOri9Gc1y.1","action":"SyncServerConnectionManagerRequest", "result":"SYNC_SERVER_OK", "context":{"environment":"Prod_EastUS2_000e", "migrationStage":"NotStarted", "server":"GENERAL0100001M"}}
{"logTime": "0628/230344", "correlationVector":"Uv0ENlqQCxPjArOri9Gc1y.2","action":"GetUpdates", "result":"DeleteReceived", "context":{"id":"3235f28e-ceb4-4655-8768-54ca18075add", "isDeleted:":"true", "version":"1687993400893"}}
{"logTime": "0628/230344", "correlationVector":"Uv0ENlqQCxPjArOri9Gc1y.3","action":"GetUpdates Response", "result":"SYNCER_OK", "context":Received 3 update(s). cV=Uv0ENlqQCxPjArOri9Gc1y.0;server=GENERAL0100001M;cloudType=Consumer;environment=Prod_EastUS2_000e;migrationStage=NotStarted}
{"logTime": "0628/230414", "correlationVector":"Pl8YA22bgrf90E5oCS19iy","action":"Normal GetUpdate request", "result":"", "context":cV=Pl8YA22bgrf90E5oCS19iy
Nudged types: Sessions}
{"logTime": "0628/230416", "correlationVector":"Pl8YA22bgrf90E5oCS19iy.1","action":"SyncServerConnectionManagerRequest", "result":"SYNC_SERVER_OK", "context":{"environment":"Prod_EastUS2_000e", "migrationStage":"NotStarted", "server":"GENERAL0100002T"}}
{"logTime": "0628/230416", "correlationVector":"Pl8YA22bgrf90E5oCS19iy.2","action":"GetUpdates Response", "result":"SYNCER_OK", "context":Received 0 update(s). cV=Pl8YA22bgrf90E5oCS19iy.0;server=GENERAL0100002T;cloudType=Consumer;environment=Prod_EastUS2_000e;migrationStage=NotStarted}
{"logTime": "0628/230417", "correlationVector":"kIvTXcK/VxIkp3aHYzZTz4","action":"Commit Request", "result":"", "context":Item count: 1
Contributing types: Sessions}
{"logTime": "0628/230417", "correlationVector":"kIvTXcK/VxIkp3aHYzZTz4.1","action":"SyncServerConnectionManagerRequest", "result":"SYNC_SERVER_OK", "context":{"environment":"Prod_EastUS2_000e", "migrationStage":"NotStarted", "server":"GENERAL01000009"}}
{"logTime": "0628/230417", "correlationVector":"kIvTXcK/VxIkp3aHYzZTz4.2","action":"Commit Response", "result":"SYNCER_OK", "context":Result: SYNCER_OK. cV=kIvTXcK/VxIkp3aHYzZTz4.0;server=GENERAL01000009;cloudType=Consumer;environment=Prod_EastUS2_000e;migrationStage=NotStarted}
{"logTime": "0628/230807", "correlationVector":"+YMMz7sFZri9olWwdOCcXt","action":"Commit Request", "result":"", "context":Item count: 1
Contributing types: Sessions}
{"logTime": "0628/230807", "correlationVector":"+YMMz7sFZri9olWwdOCcXt.1","action":"SyncServerConnectionManagerRequest", "result":"SYNC_SERVER_OK", "context":{"environment":"Prod_EastUS2_000e", "migrationStage":"NotStarted", "server":"GENERAL0100001X"}}
{"logTime": "0628/230807", "correlationVector":"+YMMz7sFZri9olWwdOCcXt.2","action":"Commit Response", "result":"SYNCER_OK", "context":Result: SYNCER_OK. cV=+YMMz7sFZri9olWwdOCcXt.0;server=GENERAL0100001X;cloudType=Consumer;environment=Prod_EastUS2_000e;migrationStage=NotStarted}
{"logTime": "0628/230839", "correlationVector":"h7n4PbhXYYc8ccJGaXIgUt","action":"Commit Request", "result":"", "context":Item count: 1
Contributing types: Sessions}
{"logTime": "0628/230839", "correlationVector":"h7n4PbhXYYc8ccJGaXIgUt.1","action":"SyncServerConnectionManagerRequest", "result":"SYNC_SERVER_OK", "context":{"environment":"Prod_EastUS2_000e", "migrationStage":"NotStarted", "server":"GENERAL0100000M"}}
{"logTime": "0628/230839", "correlationVector":"h7n4PbhXYYc8ccJGaXIgUt.2","action":"Commit Response", "result":"SYNCER_OK", "context":Result: SYNCER_OK. cV=h7n4PbhXYYc8ccJGaXIgUt.0;server=GENERAL0100000M;cloudType=Consumer;environment=Prod_EastUS2_000e;migrationStage=NotStarted}
{"logTime": "0628/231022", "correlationVector":"aCMEWL0KUdLnH9GZhavYsV","action":"Commit Request", "result":"", "context":Item count: 1
Contributing types: Sessions}
{"logTime": "0628/231023", "correlationVector":"aCMEWL0KUdLnH9GZhavYsV.1","action":"SyncServerConnectionManagerRequest", "result":"SYNC_SERVER_OK", "context":{"environment":"Prod_EastUS2_000e", "migrationStage":"NotStarted", "server":"GENERAL0100002J"}}
{"logTime": "0628/231023", "correlationVector":"aCMEWL0KUdLnH9GZhavYsV.2","action":"Commit Response", "result":"SYNCER_OK", "context":Result: SYNCER_OK. cV=aCMEWL0KUdLnH9GZhavYsV.0;server=GENERAL0100002J;cloudType=Consumer;environment=Prod_EastUS2_000e;migrationStage=NotStarted}
